<?xml version="1.0" encoding="UTF-8"?>
<testsuite name="unit.client.controller.UserControllerTest" time="0.412" tests="4" errors="0" skipped="0" failures="2">
  <properties>
[...]
</properties>
  <testcase name="post_new_user" classname="unit.client.controller.UserControllerTest" time="0.062"/>
  <testcase name="show_registration_form" classname="unit.client.controller.UserControllerTest" time="0.26">
    <failure message="Model attribute &apos;nonActivatedUser&apos;&#10;Expected: (hasProperty(&quot;id&quot;, null) and hasProperty(&quot;username&quot;, null) and hasProperty(&quot;password&quot;, null) and hasProperty(&quot;mail&quot;, null) and hasProperty(&quot;phone&quot;, is &lt;0&gt;) and hasProperty(&quot;role&quot;, null))&#10;     but: hasProperty(&quot;phone&quot;, is &lt;0&gt;) property &apos;phone&apos; was null" type="java.lang.AssertionError"><![CDATA[java.lang.AssertionError: Model attribute 'nonActivatedUser'
Expected: (hasProperty("id", null) and hasProperty("username", null) and hasProperty("password", null) and hasProperty("mail", null) and hasProperty("phone", is <0>) and hasProperty("role", null))
     but: hasProperty("phone", is <0>) property 'phone' was null
	at org.hamcrest.MatcherAssert.assertThat(MatcherAssert.java:20)
	at org.springframework.test.web.servlet.result.ModelResultMatchers$1.match(ModelResultMatchers.java:58)
	at org.springframework.test.web.servlet.MockMvc$1.andExpect(MockMvc.java:171)
	at unit.client.controller.UserControllerTest.show_registration_form(UserControllerTest.java:76)
]]></failure>
    <system-out><![CDATA[15:05:09.457 [main] DEBUG org.springframework.test.annotation.ProfileValueUtils - Retrieved @ProfileValueSourceConfiguration [null] for test class [unit.client.controller.UserControllerTest]
15:05:09.457 [main] DEBUG org.springframework.test.annotation.ProfileValueUtils - Retrieved ProfileValueSource type [class org.springframework.test.annotation.SystemProfileValueSource] for class [unit.client.controller.UserControllerTest]
15:05:09.457 [main] DEBUG org.springframework.test.context.cache.DefaultCacheAwareContextLoaderDelegate - Retrieved ApplicationContext from cache with key [[WebMergedContextConfiguration@62fee9c3 testClass = UserControllerTest, locations = '{}', classes = '{class pizzaOrder.Application}', contextInitializerClasses = '[]', activeProfiles = '{}', propertySourceLocations = '{}', propertySourceProperties = '{}', contextCustomizers = set[org.springframework.boot.test.context.filter.ExcludeFilterContextCustomizer@4a87761d, org.springframework.boot.test.mock.mockito.MockitoContextCustomizer@1bdc315c, org.springframework.boot.test.autoconfigure.properties.PropertyMappingContextCustomizer@0, org.springframework.boot.test.autoconfigure.web.servlet.WebDriverContextCustomizerFactory$Customizer@eb21112, org.springframework.test.context.web.socket.MockServerContainerContextCustomizer@706a04ae], resourceBasePath = 'src/main/webapp', contextLoader = 'org.springframework.test.context.web.WebDelegatingSmartContextLoader', parent = [null]]]
15:05:09.457 [main] DEBUG org.springframework.test.context.cache - Spring test ApplicationContext cache statistics: [DefaultContextCache@6109d880 size = 5, maxSize = 32, parentContextCount = 0, hitCount = 149, missCount = 5]
15:05:09.457 [main] DEBUG org.springframework.test.context.web.ServletTestExecutionListener - Setting up MockHttpServletRequest, MockHttpServletResponse, ServletWebRequest, and RequestContextHolder for test context [DefaultTestContext@13453610 testClass = UserControllerTest, testInstance = unit.client.controller.UserControllerTest@2c47135c, testMethod = [null], testException = [null], mergedContextConfiguration = [WebMergedContextConfiguration@62fee9c3 testClass = UserControllerTest, locations = '{}', classes = '{class pizzaOrder.Application}', contextInitializerClasses = '[]', activeProfiles = '{}', propertySourceLocations = '{}', propertySourceProperties = '{}', contextCustomizers = set[org.springframework.boot.test.context.filter.ExcludeFilterContextCustomizer@4a87761d, org.springframework.boot.test.mock.mockito.MockitoContextCustomizer@1bdc315c, org.springframework.boot.test.autoconfigure.properties.PropertyMappingContextCustomizer@0, org.springframework.boot.test.autoconfigure.web.servlet.WebDriverContextCustomizerFactory$Customizer@eb21112, org.springframework.test.context.web.socket.MockServerContainerContextCustomizer@706a04ae], resourceBasePath = 'src/main/webapp', contextLoader = 'org.springframework.test.context.web.WebDelegatingSmartContextLoader', parent = [null]]].
15:05:09.457 [main] DEBUG org.springframework.test.context.support.DependencyInjectionTestExecutionListener - Performing dependency injection for test context [[DefaultTestContext@13453610 testClass = UserControllerTest, testInstance = unit.client.controller.UserControllerTest@2c47135c, testMethod = [null], testException = [null], mergedContextConfiguration = [WebMergedContextConfiguration@62fee9c3 testClass = UserControllerTest, locations = '{}', classes = '{class pizzaOrder.Application}', contextInitializerClasses = '[]', activeProfiles = '{}', propertySourceLocations = '{}', propertySourceProperties = '{}', contextCustomizers = set[org.springframework.boot.test.context.filter.ExcludeFilterContextCustomizer@4a87761d, org.springframework.boot.test.mock.mockito.MockitoContextCustomizer@1bdc315c, org.springframework.boot.test.autoconfigure.properties.PropertyMappingContextCustomizer@0, org.springframework.boot.test.autoconfigure.web.servlet.WebDriverContextCustomizerFactory$Customizer@eb21112, org.springframework.test.context.web.socket.MockServerContainerContextCustomizer@706a04ae], resourceBasePath = 'src/main/webapp', contextLoader = 'org.springframework.test.context.web.WebDelegatingSmartContextLoader', parent = [null]]]].
15:05:09.457 [main] DEBUG org.springframework.test.context.cache.DefaultCacheAwareContextLoaderDelegate - Retrieved ApplicationContext from cache with key [[WebMergedContextConfiguration@62fee9c3 testClass = UserControllerTest, locations = '{}', classes = '{class pizzaOrder.Application}', contextInitializerClasses = '[]', activeProfiles = '{}', propertySourceLocations = '{}', propertySourceProperties = '{}', contextCustomizers = set[org.springframework.boot.test.context.filter.ExcludeFilterContextCustomizer@4a87761d, org.springframework.boot.test.mock.mockito.MockitoContextCustomizer@1bdc315c, org.springframework.boot.test.autoconfigure.properties.PropertyMappingContextCustomizer@0, org.springframework.boot.test.autoconfigure.web.servlet.WebDriverContextCustomizerFactory$Customizer@eb21112, org.springframework.test.context.web.socket.MockServerContainerContextCustomizer@706a04ae], resourceBasePath = 'src/main/webapp', contextLoader = 'org.springframework.test.context.web.WebDelegatingSmartContextLoader', parent = [null]]]
15:05:09.457 [main] DEBUG org.springframework.test.context.cache - Spring test ApplicationContext cache statistics: [DefaultContextCache@6109d880 size = 5, maxSize = 32, parentContextCount = 0, hitCount = 150, missCount = 5]
15:05:09.457 [main] DEBUG org.springframework.beans.factory.annotation.InjectionMetadata - Processing injected element of bean 'unit.client.controller.UserControllerTest': AutowiredFieldElement for private org.springframework.web.context.WebApplicationContext unit.client.controller.UserControllerTest.webApplicationContext
15:05:09.457 [main] DEBUG org.springframework.beans.factory.annotation.InjectionMetadata - Processing injected element of bean 'unit.client.controller.UserControllerTest': AutowiredFieldElement for private org.springframework.security.web.FilterChainProxy unit.client.controller.UserControllerTest.springSecurityFilter
15:05:09.457 [main] DEBUG org.springframework.beans.factory.support.DefaultListableBeanFactory - Returning cached instance of singleton bean 'springSecurityFilterChain'
15:05:09.458 [main] DEBUG org.springframework.test.context.cache.DefaultCacheAwareContextLoaderDelegate - Retrieved ApplicationContext from cache with key [[WebMergedContextConfiguration@62fee9c3 testClass = UserControllerTest, locations = '{}', classes = '{class pizzaOrder.Application}', contextInitializerClasses = '[]', activeProfiles = '{}', propertySourceLocations = '{}', propertySourceProperties = '{}', contextCustomizers = set[org.springframework.boot.test.context.filter.ExcludeFilterContextCustomizer@4a87761d, org.springframework.boot.test.mock.mockito.MockitoContextCustomizer@1bdc315c, org.springframework.boot.test.autoconfigure.properties.PropertyMappingContextCustomizer@0, org.springframework.boot.test.autoconfigure.web.servlet.WebDriverContextCustomizerFactory$Customizer@eb21112, org.springframework.test.context.web.socket.MockServerContainerContextCustomizer@706a04ae], resourceBasePath = 'src/main/webapp', contextLoader = 'org.springframework.test.context.web.WebDelegatingSmartContextLoader', parent = [null]]]
15:05:09.458 [main] DEBUG org.springframework.test.context.cache - Spring test ApplicationContext cache statistics: [DefaultContextCache@6109d880 size = 5, maxSize = 32, parentContextCount = 0, hitCount = 151, missCount = 5]
15:05:09.458 [main] DEBUG org.springframework.beans.factory.support.DefaultListableBeanFactory - Returning cached instance of singleton bean 'org.springframework.boot.test.mock.mockito.MockitoPostProcessor'
15:05:09.458 [main] DEBUG org.springframework.beans.factory.support.DefaultListableBeanFactory - Returning cached instance of singleton bean 'userServiceImpl'
15:05:09.458 [main] DEBUG org.springframework.beans.factory.support.DefaultListableBeanFactory - Returning cached instance of singleton bean 'userValidator'
15:05:09.459 [main] DEBUG org.springframework.test.context.support.AbstractDirtiesContextTestExecutionListener - Before test method: context [DefaultTestContext@13453610 testClass = UserControllerTest, testInstance = unit.client.controller.UserControllerTest@2c47135c, testMethod = show_registration_form@UserControllerTest, testException = [null], mergedContextConfiguration = [WebMergedContextConfiguration@62fee9c3 testClass = UserControllerTest, locations = '{}', classes = '{class pizzaOrder.Application}', contextInitializerClasses = '[]', activeProfiles = '{}', propertySourceLocations = '{}', propertySourceProperties = '{}', contextCustomizers = set[org.springframework.boot.test.context.filter.ExcludeFilterContextCustomizer@4a87761d, org.springframework.boot.test.mock.mockito.MockitoContextCustomizer@1bdc315c, org.springframework.boot.test.autoconfigure.properties.PropertyMappingContextCustomizer@0, org.springframework.boot.test.autoconfigure.web.servlet.WebDriverContextCustomizerFactory$Customizer@eb21112, org.springframework.test.context.web.socket.MockServerContainerContextCustomizer@706a04ae], resourceBasePath = 'src/main/webapp', contextLoader = 'org.springframework.test.context.web.WebDelegatingSmartContextLoader', parent = [null]]], class annotated with @DirtiesContext [false] with mode [null], method annotated with @DirtiesContext [false] with mode [null].
15:05:09.459 [main] DEBUG org.springframework.test.context.cache.DefaultCacheAwareContextLoaderDelegate - Retrieved ApplicationContext from cache with key [[WebMergedContextConfiguration@62fee9c3 testClass = UserControllerTest, locations = '{}', classes = '{class pizzaOrder.Application}', contextInitializerClasses = '[]', activeProfiles = '{}', propertySourceLocations = '{}', propertySourceProperties = '{}', contextCustomizers = set[org.springframework.boot.test.context.filter.ExcludeFilterContextCustomizer@4a87761d, org.springframework.boot.test.mock.mockito.MockitoContextCustomizer@1bdc315c, org.springframework.boot.test.autoconfigure.properties.PropertyMappingContextCustomizer@0, org.springframework.boot.test.autoconfigure.web.servlet.WebDriverContextCustomizerFactory$Customizer@eb21112, org.springframework.test.context.web.socket.MockServerContainerContextCustomizer@706a04ae], resourceBasePath = 'src/main/webapp', contextLoader = 'org.springframework.test.context.web.WebDelegatingSmartContextLoader', parent = [null]]]
15:05:09.459 [main] DEBUG org.springframework.test.context.cache - Spring test ApplicationContext cache statistics: [DefaultContextCache@6109d880 size = 5, maxSize = 32, parentContextCount = 0, hitCount = 152, missCount = 5]
15:05:09.459 [main] DEBUG org.springframework.beans.factory.support.DefaultListableBeanFactory - Returning cached instance of singleton bean 'org.springframework.boot.test.mock.mockito.MockitoBeans'
15:05:09.460 [main] DEBUG org.springframework.test.web.servlet.TestDispatcherServlet - Initializing servlet ''
15:05:09.460 [main] DEBUG org.springframework.web.context.support.StandardServletEnvironment - Adding [servletConfigInitParams] PropertySource with lowest search precedence
15:05:09.460 [main] DEBUG org.springframework.web.context.support.StandardServletEnvironment - Adding [servletContextInitParams] PropertySource with lowest search precedence
15:05:09.461 [main] DEBUG org.springframework.web.context.support.StandardServletEnvironment - Adding [systemProperties] PropertySource with lowest search precedence
15:05:09.461 [main] DEBUG org.springframework.web.context.support.StandardServletEnvironment - Adding [systemEnvironment] PropertySource with lowest search precedence
15:05:09.461 [main] DEBUG org.springframework.web.context.support.StandardServletEnvironment - Initialized StandardServletEnvironment with PropertySources [servletConfigInitParams,servletContextInitParams,systemProperties,systemEnvironment]
15:05:09.461 [main] INFO org.springframework.mock.web.MockServletContext - Initializing Spring FrameworkServlet ''
15:05:09.461 [main] INFO org.springframework.test.web.servlet.TestDispatcherServlet - FrameworkServlet '': initialization started
15:05:09.461 [main] DEBUG org.springframework.beans.factory.support.DefaultListableBeanFactory - Returning cached instance of singleton bean 'multipartResolver'
15:05:09.461 [main] DEBUG org.springframework.test.web.servlet.TestDispatcherServlet - Using MultipartResolver [org.springframework.web.multipart.support.StandardServletMultipartResolver@6ddf3c5e]
15:05:09.461 [main] DEBUG org.springframework.beans.factory.support.DefaultListableBeanFactory - Creating instance of bean 'org.springframework.web.servlet.i18n.AcceptHeaderLocaleResolver'
15:05:09.461 [main] DEBUG org.springframework.beans.factory.support.DefaultListableBeanFactory - Finished creating instance of bean 'org.springframework.web.servlet.i18n.AcceptHeaderLocaleResolver'
15:05:09.461 [main] DEBUG org.springframework.test.web.servlet.TestDispatcherServlet - Unable to locate LocaleResolver with name 'localeResolver': using default [org.springframework.web.servlet.i18n.AcceptHeaderLocaleResolver@30eb427c]
15:05:09.461 [main] DEBUG org.springframework.beans.factory.support.DefaultListableBeanFactory - Creating instance of bean 'org.springframework.web.servlet.theme.FixedThemeResolver'
15:05:09.461 [main] DEBUG org.springframework.beans.factory.support.DefaultListableBeanFactory - Finished creating instance of bean 'org.springframework.web.servlet.theme.FixedThemeResolver'
15:05:09.461 [main] DEBUG org.springframework.test.web.servlet.TestDispatcherServlet - Unable to locate ThemeResolver with name 'themeResolver': using default [org.springframework.web.servlet.theme.FixedThemeResolver@59c9e3b9]
15:05:09.462 [main] DEBUG org.springframework.beans.factory.support.DefaultListableBeanFactory - Returning cached instance of singleton bean 'requestMappingHandlerMapping'
15:05:09.462 [main] DEBUG org.springframework.beans.factory.support.DefaultListableBeanFactory - Returning cached instance of singleton bean 'viewControllerHandlerMapping'
15:05:09.462 [main] DEBUG org.springframework.beans.factory.support.DefaultListableBeanFactory - Returning cached instance of singleton bean 'beanNameHandlerMapping'
15:05:09.462 [main] DEBUG org.springframework.beans.factory.support.DefaultListableBeanFactory - Returning cached instance of singleton bean 'resourceHandlerMapping'
15:05:09.462 [main] DEBUG org.springframework.beans.factory.support.DefaultListableBeanFactory - Returning cached instance of singleton bean 'defaultServletHandlerMapping'
15:05:09.462 [main] DEBUG org.springframework.beans.factory.support.DefaultListableBeanFactory - Returning cached instance of singleton bean 'faviconHandlerMapping'
15:05:09.462 [main] DEBUG org.springframework.beans.factory.support.DefaultListableBeanFactory - Returning cached instance of singleton bean 'welcomePageHandlerMapping'
15:05:09.462 [main] DEBUG org.springframework.beans.factory.support.DefaultListableBeanFactory - Returning cached instance of singleton bean 'restHandlerMapping'
15:05:09.463 [main] DEBUG org.springframework.beans.factory.support.DefaultListableBeanFactory - Returning cached instance of singleton bean 'requestMappingHandlerAdapter'
15:05:09.463 [main] DEBUG org.springframework.beans.factory.support.DefaultListableBeanFactory - Returning cached instance of singleton bean 'httpRequestHandlerAdapter'
15:05:09.463 [main] DEBUG org.springframework.beans.factory.support.DefaultListableBeanFactory - Returning cached instance of singleton bean 'simpleControllerHandlerAdapter'
15:05:09.463 [main] DEBUG org.springframework.beans.factory.support.DefaultListableBeanFactory - Returning cached instance of singleton bean 'repositoryExporterHandlerAdapter'
15:05:09.463 [main] DEBUG org.springframework.beans.factory.support.DefaultListableBeanFactory - Returning cached instance of singleton bean 'errorAttributes'
15:05:09.463 [main] DEBUG org.springframework.beans.factory.support.DefaultListableBeanFactory - Returning cached instance of singleton bean 'handlerExceptionResolver'
15:05:09.463 [main] DEBUG org.springframework.beans.factory.support.DefaultListableBeanFactory - Returning cached instance of singleton bean 'exceptionHandlerExceptionResolver'
15:05:09.464 [main] DEBUG org.springframework.beans.factory.support.DefaultListableBeanFactory - Creating instance of bean 'org.springframework.web.servlet.view.DefaultRequestToViewNameTranslator'
15:05:09.464 [main] DEBUG org.springframework.beans.factory.support.DefaultListableBeanFactory - Finished creating instance of bean 'org.springframework.web.servlet.view.DefaultRequestToViewNameTranslator'
15:05:09.464 [main] DEBUG org.springframework.test.web.servlet.TestDispatcherServlet - Unable to locate RequestToViewNameTranslator with name 'viewNameTranslator': using default [org.springframework.web.servlet.view.DefaultRequestToViewNameTranslator@45bedfed]
15:05:09.464 [main] DEBUG org.springframework.beans.factory.support.DefaultListableBeanFactory - Returning cached instance of singleton bean 'beanNameViewResolver'
15:05:09.464 [main] DEBUG org.springframework.beans.factory.support.DefaultListableBeanFactory - Returning cached instance of singleton bean 'mvcViewResolver'
15:05:09.464 [main] DEBUG org.springframework.beans.factory.support.DefaultListableBeanFactory - Returning cached instance of singleton bean 'defaultViewResolver'
15:05:09.464 [main] DEBUG org.springframework.beans.factory.support.DefaultListableBeanFactory - Returning cached instance of singleton bean 'viewResolver'
15:05:09.464 [main] DEBUG org.springframework.beans.factory.support.DefaultListableBeanFactory - Returning cached instance of singleton bean 'thymeleafViewResolver'
15:05:09.464 [main] DEBUG org.springframework.beans.factory.support.DefaultListableBeanFactory - Creating instance of bean 'org.springframework.web.servlet.support.SessionFlashMapManager'
15:05:09.464 [main] DEBUG org.springframework.beans.factory.support.DefaultListableBeanFactory - Finished creating instance of bean 'org.springframework.web.servlet.support.SessionFlashMapManager'
15:05:09.464 [main] DEBUG org.springframework.test.web.servlet.TestDispatcherServlet - Unable to locate FlashMapManager with name 'flashMapManager': using default [org.springframework.web.servlet.support.SessionFlashMapManager@7269674d]
15:05:09.464 [main] DEBUG org.springframework.test.web.servlet.TestDispatcherServlet - Published WebApplicationContext of servlet '' as ServletContext attribute with name [org.springframework.web.servlet.FrameworkServlet.CONTEXT.]
15:05:09.464 [main] INFO org.springframework.test.web.servlet.TestDispatcherServlet - FrameworkServlet '': initialization completed in 3 ms
15:05:09.464 [main] DEBUG org.springframework.test.web.servlet.TestDispatcherServlet - Servlet '' configured successfully
15:05:09.465 [main] DEBUG org.springframework.security.web.FilterChainProxy - /registration at position 1 of 11 in additional filter chain; firing Filter: 'WebAsyncManagerIntegrationFilter'
15:05:09.465 [main] DEBUG org.springframework.security.web.FilterChainProxy - /registration at position 2 of 11 in additional filter chain; firing Filter: 'SecurityContextPersistenceFilter'
15:05:09.465 [main] DEBUG org.springframework.security.web.context.HttpSessionSecurityContextRepository - No HttpSession currently exists
15:05:09.465 [main] DEBUG org.springframework.security.web.context.HttpSessionSecurityContextRepository - No SecurityContext was available from the HttpSession: null. A new one will be created.
15:05:09.465 [main] DEBUG org.springframework.security.web.FilterChainProxy - /registration at position 3 of 11 in additional filter chain; firing Filter: 'HeaderWriterFilter'
15:05:09.465 [main] DEBUG org.springframework.security.web.header.writers.HstsHeaderWriter - Not injecting HSTS header since it did not match the requestMatcher org.springframework.security.web.header.writers.HstsHeaderWriter$SecureRequestMatcher@5c47ef5f
15:05:09.465 [main] DEBUG org.springframework.security.web.FilterChainProxy - /registration at position 4 of 11 in additional filter chain; firing Filter: 'LogoutFilter'
15:05:09.465 [main] DEBUG org.springframework.security.web.util.matcher.OrRequestMatcher - Trying to match using Ant [pattern='/logout', GET]
15:05:09.465 [main] DEBUG org.springframework.security.web.util.matcher.AntPathRequestMatcher - Checking match of request : '/registration'; against '/logout'
15:05:09.465 [main] DEBUG org.springframework.security.web.util.matcher.OrRequestMatcher - Trying to match using Ant [pattern='/logout', POST]
15:05:09.465 [main] DEBUG org.springframework.security.web.util.matcher.AntPathRequestMatcher - Request 'GET /registration' doesn't match 'POST /logout
15:05:09.465 [main] DEBUG org.springframework.security.web.util.matcher.OrRequestMatcher - Trying to match using Ant [pattern='/logout', PUT]
15:05:09.465 [main] DEBUG org.springframework.security.web.util.matcher.AntPathRequestMatcher - Request 'GET /registration' doesn't match 'PUT /logout
15:05:09.465 [main] DEBUG org.springframework.security.web.util.matcher.OrRequestMatcher - Trying to match using Ant [pattern='/logout', DELETE]
15:05:09.465 [main] DEBUG org.springframework.security.web.util.matcher.AntPathRequestMatcher - Request 'GET /registration' doesn't match 'DELETE /logout
15:05:09.465 [main] DEBUG org.springframework.security.web.util.matcher.OrRequestMatcher - No matches found
15:05:09.465 [main] DEBUG org.springframework.security.web.FilterChainProxy - /registration at position 5 of 11 in additional filter chain; firing Filter: 'UsernamePasswordAuthenticationFilter'
15:05:09.465 [main] DEBUG org.springframework.security.web.util.matcher.AntPathRequestMatcher - Request 'GET /registration' doesn't match 'POST /login
15:05:09.465 [main] DEBUG org.springframework.security.web.FilterChainProxy - /registration at position 6 of 11 in additional filter chain; firing Filter: 'RequestCacheAwareFilter'
15:05:09.465 [main] DEBUG org.springframework.security.web.FilterChainProxy - /registration at position 7 of 11 in additional filter chain; firing Filter: 'SecurityContextHolderAwareRequestFilter'
15:05:09.465 [main] DEBUG org.springframework.security.web.FilterChainProxy - /registration at position 8 of 11 in additional filter chain; firing Filter: 'AnonymousAuthenticationFilter'
15:05:09.465 [main] DEBUG org.springframework.security.web.authentication.AnonymousAuthenticationFilter - Populated SecurityContextHolder with anonymous token: 'org.springframework.security.authentication.AnonymousAuthenticationToken@9055e4a6: Principal: anonymousUser; Credentials: [PROTECTED]; Authenticated: true; Details: org.springframework.security.web.authentication.WebAuthenticationDetails@957e: RemoteIpAddress: 127.0.0.1; SessionId: null; Granted Authorities: ROLE_ANONYMOUS'
15:05:09.465 [main] DEBUG org.springframework.security.web.FilterChainProxy - /registration at position 9 of 11 in additional filter chain; firing Filter: 'SessionManagementFilter'
15:05:09.465 [main] DEBUG org.springframework.security.web.FilterChainProxy - /registration at position 10 of 11 in additional filter chain; firing Filter: 'ExceptionTranslationFilter'
15:05:09.465 [main] DEBUG org.springframework.security.web.FilterChainProxy - /registration at position 11 of 11 in additional filter chain; firing Filter: 'FilterSecurityInterceptor'
15:05:09.465 [main] DEBUG org.springframework.security.web.util.matcher.OrRequestMatcher - Trying to match using Ant [pattern='/logout', GET]
15:05:09.465 [main] DEBUG org.springframework.security.web.util.matcher.AntPathRequestMatcher - Checking match of request : '/registration'; against '/logout'
15:05:09.465 [main] DEBUG org.springframework.security.web.util.matcher.OrRequestMatcher - Trying to match using Ant [pattern='/logout', POST]
15:05:09.465 [main] DEBUG org.springframework.security.web.util.matcher.AntPathRequestMatcher - Request 'GET /registration' doesn't match 'POST /logout
15:05:09.465 [main] DEBUG org.springframework.security.web.util.matcher.OrRequestMatcher - Trying to match using Ant [pattern='/logout', PUT]
15:05:09.465 [main] DEBUG org.springframework.security.web.util.matcher.AntPathRequestMatcher - Request 'GET /registration' doesn't match 'PUT /logout
15:05:09.465 [main] DEBUG org.springframework.security.web.util.matcher.OrRequestMatcher - Trying to match using Ant [pattern='/logout', DELETE]
15:05:09.465 [main] DEBUG org.springframework.security.web.util.matcher.AntPathRequestMatcher - Request 'GET /registration' doesn't match 'DELETE /logout
15:05:09.465 [main] DEBUG org.springframework.security.web.util.matcher.OrRequestMatcher - No matches found
15:05:09.465 [main] DEBUG org.springframework.security.web.util.matcher.AntPathRequestMatcher - Checking match of request : '/registration'; against '/users/**'
15:05:09.465 [main] DEBUG org.springframework.security.web.util.matcher.AntPathRequestMatcher - Checking match of request : '/registration'; against '/registration'
15:05:09.465 [main] DEBUG org.springframework.security.web.access.intercept.FilterSecurityInterceptor - Secure object: FilterInvocation: URL: /registration; Attributes: [permitAll]
15:05:09.465 [main] DEBUG org.springframework.security.web.access.intercept.FilterSecurityInterceptor - Previously Authenticated: org.springframework.security.authentication.AnonymousAuthenticationToken@9055e4a6: Principal: anonymousUser; Credentials: [PROTECTED]; Authenticated: true; Details: org.springframework.security.web.authentication.WebAuthenticationDetails@957e: RemoteIpAddress: 127.0.0.1; SessionId: null; Granted Authorities: ROLE_ANONYMOUS
15:05:09.465 [main] DEBUG org.springframework.security.access.vote.AffirmativeBased - Voter: org.springframework.security.web.access.expression.WebExpressionVoter@2f04c1f3, returned: 1
15:05:09.465 [main] DEBUG org.springframework.security.web.access.intercept.FilterSecurityInterceptor - Authorization successful
15:05:09.465 [main] DEBUG org.springframework.security.web.access.intercept.FilterSecurityInterceptor - RunAsManager did not change Authentication object
15:05:09.465 [main] DEBUG org.springframework.security.web.FilterChainProxy - /registration reached end of additional filter chain; proceeding with original chain
15:05:09.465 [main] DEBUG org.springframework.test.web.servlet.TestDispatcherServlet - DispatcherServlet with name '' processing GET request for [/registration]
15:05:09.465 [main] DEBUG org.springframework.web.servlet.mvc.method.annotation.RequestMappingHandlerMapping - Looking up handler method for path /registration
15:05:09.466 [main] DEBUG org.springframework.web.servlet.mvc.method.annotation.RequestMappingHandlerMapping - Returning handler method [public java.lang.String pizzaOrder.client.controller.UserController.registration(org.springframework.ui.Model)]
15:05:09.466 [main] DEBUG org.springframework.beans.factory.support.DefaultListableBeanFactory - Returning cached instance of singleton bean 'userController'
15:05:09.466 [main] DEBUG org.springframework.test.web.servlet.TestDispatcherServlet - Last-Modified value for [/registration] is: -1
15:05:09.466 [main] DEBUG org.springframework.orm.jpa.support.OpenEntityManagerInViewInterceptor - Opening JPA EntityManager in OpenEntityManagerInViewInterceptor
15:05:09.466 [main] DEBUG org.springframework.web.servlet.view.ContentNegotiatingViewResolver - Requested media types are [*/*] based on Accept header types and producible media types [*/*])
15:05:09.466 [main] DEBUG org.springframework.web.servlet.view.BeanNameViewResolver - No matching bean found for view name 'register'
15:05:09.469 [main] DEBUG org.springframework.beans.factory.support.DefaultListableBeanFactory - Returning cached instance of singleton bean 'org.springframework.transaction.config.internalTransactionAdvisor'
15:05:09.469 [main] DEBUG org.springframework.beans.factory.support.DefaultListableBeanFactory - Returning cached instance of singleton bean 'org.springframework.transaction.config.internalTransactionAdvisor'
15:05:09.469 [main] DEBUG org.springframework.beans.factory.support.DefaultListableBeanFactory - Invoking afterPropertiesSet() on bean with name 'register'
15:05:09.469 [main] DEBUG org.springframework.web.servlet.view.ContentNegotiatingViewResolver - Returning [org.thymeleaf.spring4.view.ThymeleafView@187b33de] based on requested media type '*/*'
15:05:09.469 [main] DEBUG org.springframework.test.web.servlet.TestDispatcherServlet - Rendering view [org.thymeleaf.spring4.view.ThymeleafView@187b33de] in DispatcherServlet with name ''
15:05:09.469 [main] INFO org.thymeleaf.TemplateEngine - [THYMELEAF] INITIALIZING TEMPLATE ENGINE
15:05:09.472 [main] INFO org.thymeleaf.templateresolver.AbstractTemplateResolver - [THYMELEAF] INITIALIZING TEMPLATE RESOLVER: org.thymeleaf.spring4.templateresolver.SpringResourceTemplateResolver
15:05:09.472 [main] INFO org.thymeleaf.templateresolver.AbstractTemplateResolver - [THYMELEAF] TEMPLATE RESOLVER INITIALIZED OK
15:05:09.472 [main] INFO org.thymeleaf.messageresolver.AbstractMessageResolver - [THYMELEAF] INITIALIZING MESSAGE RESOLVER: org.thymeleaf.spring4.messageresolver.SpringMessageResolver
15:05:09.472 [main] INFO org.thymeleaf.messageresolver.AbstractMessageResolver - [THYMELEAF] MESSAGE RESOLVER INITIALIZED OK
15:05:09.472 [main] DEBUG org.thymeleaf.TemplateEngine.cache.TEMPLATE_CACHE - [THYMELEAF][CACHE_INITIALIZE] Initializing cache TEMPLATE_CACHE. Max size: 50. Soft references are used.
15:05:09.472 [main] DEBUG org.thymeleaf.TemplateEngine.cache.FRAGMENT_CACHE - [THYMELEAF][CACHE_INITIALIZE] Initializing cache FRAGMENT_CACHE. Max size: 300. Soft references are used.
15:05:09.477 [main] DEBUG org.thymeleaf.TemplateEngine.CONFIG - [THYMELEAF] TEMPLATE ENGINE CONFIGURATION:
[THYMELEAF] * Cache Factory implementation: org.thymeleaf.cache.StandardCacheManager
[THYMELEAF] * Template modes:
[THYMELEAF]     * VALIDXML
[THYMELEAF]     * XHTML
[THYMELEAF]     * LEGACYHTML5
[THYMELEAF]     * XML
[THYMELEAF]     * HTML5
[THYMELEAF]     * VALIDXHTML
[THYMELEAF] * Template resolvers (in order):
[THYMELEAF]     * org.thymeleaf.spring4.templateresolver.SpringResourceTemplateResolver
[THYMELEAF] * Message resolvers (in order):
[THYMELEAF]     * org.thymeleaf.spring4.messageresolver.SpringMessageResolver
[THYMELEAF] * Dialect [1 of 2]: org.thymeleaf.spring4.dialect.SpringStandardDialect
[THYMELEAF]     * Prefix: "th"
[THYMELEAF]     * Processors matching nodes by element name [precedence]:
[THYMELEAF]         * "th-block" [100000]: org.thymeleaf.standard.processor.element.StandardBlockElementProcessor
[THYMELEAF]         * "th:block" [100000]: org.thymeleaf.standard.processor.element.StandardBlockElementProcessor
[THYMELEAF]     * Processors matching nodes by element attribute [precedence]:
[THYMELEAF]         * "data-th-abbr" [1000]: org.thymeleaf.standard.processor.attr.StandardSingleRemovableAttributeModifierAttrProcessor
[THYMELEAF]         * "data-th-accept" [1000]: org.thymeleaf.standard.processor.attr.StandardSingleRemovableAttributeModifierAttrProcessor
[THYMELEAF]         * "data-th-accept-charset" [1000]: org.thymeleaf.standard.processor.attr.StandardSingleRemovableAttributeModifierAttrProcessor
[THYMELEAF]         * "data-th-accesskey" [1000]: org.thymeleaf.standard.processor.attr.StandardSingleRemovableAttributeModifierAttrProcessor
[THYMELEAF]         * "data-th-action" [1000]: org.thymeleaf.spring4.processor.attr.SpringActionAttrProcessor
[THYMELEAF]         * "data-th-align" [1000]: org.thymeleaf.standard.processor.attr.StandardSingleRemovableAttributeModifierAttrProcessor
[THYMELEAF]         * "data-th-alt" [1000]: org.thymeleaf.standard.processor.attr.StandardSingleRemovableAttributeModifierAttrProcessor
[THYMELEAF]         * "data-th-alt-title" [990]: org.thymeleaf.standard.processor.attr.StandardAltTitleAttrProcessor
[THYMELEAF]         * "data-th-archive" [1000]: org.thymeleaf.standard.processor.attr.StandardSingleRemovableAttributeModifierAttrProcessor
[THYMELEAF]         * "data-th-assert" [1550]: org.thymeleaf.standard.processor.attr.StandardAssertAttrProcessor
[THYMELEAF]         * "data-th-async" [1000]: org.thymeleaf.standard.processor.attr.StandardConditionalFixedValueAttrProcessor
[THYMELEAF]         * "data-th-attr" [700]: org.thymeleaf.standard.processor.attr.StandardAttrAttrProcessor
[THYMELEAF]         * "data-th-attrappend" [900]: org.thymeleaf.standard.processor.attr.StandardAttrappendAttrProcessor
[THYMELEAF]         * "data-th-attrprepend" [800]: org.thymeleaf.standard.processor.attr.StandardAttrprependAttrProcessor
[THYMELEAF]         * "data-th-audio" [1000]: org.thymeleaf.standard.processor.attr.StandardSingleRemovableAttributeModifierAttrProcessor
[THYMELEAF]         * "data-th-autocomplete" [1000]: org.thymeleaf.standard.processor.attr.StandardSingleRemovableAttributeModifierAttrProcessor
[THYMELEAF]         * "data-th-autofocus" [1000]: org.thymeleaf.standard.processor.attr.StandardConditionalFixedValueAttrProcessor
[THYMELEAF]         * "data-th-autoplay" [1000]: org.thymeleaf.standard.processor.attr.StandardConditionalFixedValueAttrProcessor
[THYMELEAF]         * "data-th-axis" [1000]: org.thymeleaf.standard.processor.attr.StandardSingleRemovableAttributeModifierAttrProcessor
[THYMELEAF]         * "data-th-background" [1000]: org.thymeleaf.standard.processor.attr.StandardSingleRemovableAttributeModifierAttrProcessor
[THYMELEAF]         * "data-th-bgcolor" [1000]: org.thymeleaf.standard.processor.attr.StandardSingleRemovableAttributeModifierAttrProcessor
[THYMELEAF]         * "data-th-border" [1000]: org.thymeleaf.standard.processor.attr.StandardSingleRemovableAttributeModifierAttrProcessor
[THYMELEAF]         * "data-th-case" [275]: org.thymeleaf.standard.processor.attr.StandardCaseAttrProcessor
[THYMELEAF]         * "data-th-cellpadding" [1000]: org.thymeleaf.standard.processor.attr.StandardSingleRemovableAttributeModifierAttrProcessor
[THYMELEAF]         * "data-th-cellspacing" [1000]: org.thymeleaf.standard.processor.attr.StandardSingleRemovableAttributeModifierAttrProcessor
[THYMELEAF]         * "data-th-challenge" [1000]: org.thymeleaf.standard.processor.attr.StandardSingleRemovableAttributeModifierAttrProcessor
[THYMELEAF]         * "data-th-charset" [1000]: org.thymeleaf.standard.processor.attr.StandardSingleRemovableAttributeModifierAttrProcessor
[THYMELEAF]         * "data-th-checked" [1000]: org.thymeleaf.standard.processor.attr.StandardConditionalFixedValueAttrProcessor
[THYMELEAF]         * "data-th-cite" [1000]: org.thymeleaf.standard.processor.attr.StandardSingleRemovableAttributeModifierAttrProcessor
[THYMELEAF]         * "data-th-class" [1000]: org.thymeleaf.standard.processor.attr.StandardSingleRemovableAttributeModifierAttrProcessor
[THYMELEAF]         * "data-th-classappend" [1100]: org.thymeleaf.standard.processor.attr.StandardClassappendAttrProcessor
[THYMELEAF]         * "data-th-classid" [1000]: org.thymeleaf.standard.processor.attr.StandardSingleRemovableAttributeModifierAttrProcessor
[THYMELEAF]         * "data-th-codebase" [1000]: org.thymeleaf.standard.processor.attr.StandardSingleRemovableAttributeModifierAttrProcessor
[THYMELEAF]         * "data-th-codetype" [1000]: org.thymeleaf.standard.processor.attr.StandardSingleRemovableAttributeModifierAttrProcessor
[THYMELEAF]         * "data-th-cols" [1000]: org.thymeleaf.standard.processor.attr.StandardSingleRemovableAttributeModifierAttrProcessor
[THYMELEAF]         * "data-th-colspan" [1000]: org.thymeleaf.standard.processor.attr.StandardSingleRemovableAttributeModifierAttrProcessor
[THYMELEAF]         * "data-th-compact" [1000]: org.thymeleaf.standard.processor.attr.StandardSingleRemovableAttributeModifierAttrProcessor
[THYMELEAF]         * "data-th-content" [1000]: org.thymeleaf.standard.processor.attr.StandardSingleRemovableAttributeModifierAttrProcessor
[THYMELEAF]         * "data-th-contenteditable" [1000]: org.thymeleaf.standard.processor.attr.StandardSingleRemovableAttributeModifierAttrProcessor
[THYMELEAF]         * "data-th-contextmenu" [1000]: org.thymeleaf.standard.processor.attr.StandardSingleRemovableAttributeModifierAttrProcessor
[THYMELEAF]         * "data-th-controls" [1000]: org.thymeleaf.standard.processor.attr.StandardConditionalFixedValueAttrProcessor
[THYMELEAF]         * "data-th-data" [1000]: org.thymeleaf.standard.processor.attr.StandardSingleRemovableAttributeModifierAttrProcessor
[THYMELEAF]         * "data-th-datetime" [1000]: org.thymeleaf.standard.processor.attr.StandardSingleRemovableAttributeModifierAttrProcessor
[THYMELEAF]         * "data-th-declare" [1000]: org.thymeleaf.standard.processor.attr.StandardConditionalFixedValueAttrProcessor
[THYMELEAF]         * "data-th-default" [1000]: org.thymeleaf.standard.processor.attr.StandardConditionalFixedValueAttrProcessor
[THYMELEAF]         * "data-th-defer" [1000]: org.thymeleaf.standard.processor.attr.StandardConditionalFixedValueAttrProcessor
[THYMELEAF]         * "data-th-dir" [1000]: org.thymeleaf.standard.processor.attr.StandardSingleRemovableAttributeModifierAttrProcessor
[THYMELEAF]         * "data-th-disabled" [1000]: org.thymeleaf.standard.processor.attr.StandardConditionalFixedValueAttrProcessor
[THYMELEAF]         * "data-th-draggable" [1000]: org.thymeleaf.standard.processor.attr.StandardSingleRemovableAttributeModifierAttrProcessor
[THYMELEAF]         * "data-th-dropzone" [1000]: org.thymeleaf.standard.processor.attr.StandardSingleRemovableAttributeModifierAttrProcessor
[THYMELEAF]         * "data-th-each" [200]: org.thymeleaf.standard.processor.attr.StandardEachAttrProcessor
[THYMELEAF]         * "data-th-enctype" [1000]: org.thymeleaf.standard.processor.attr.StandardSingleRemovableAttributeModifierAttrProcessor
[THYMELEAF]         * "data-th-errorclass" [1500]: org.thymeleaf.spring4.processor.attr.SpringErrorClassAttrProcessor
[THYMELEAF]         * "data-th-errors" [1200]: org.thymeleaf.spring4.processor.attr.SpringErrorsAttrProcessor
[THYMELEAF]         * "data-th-field" [1200]: org.thymeleaf.spring4.processor.attr.SpringInputGeneralFieldAttrProcessor
[THYMELEAF]         * "data-th-field" [1200]: org.thymeleaf.spring4.processor.attr.SpringInputGeneralFieldAttrProcessor
[THYMELEAF]         * "data-th-field" [1200]: org.thymeleaf.spring4.processor.attr.SpringInputGeneralFieldAttrProcessor
[THYMELEAF]         * "data-th-field" [1200]: org.thymeleaf.spring4.processor.attr.SpringInputGeneralFieldAttrProcessor
[THYMELEAF]         * "data-th-field" [1200]: org.thymeleaf.spring4.processor.attr.SpringInputGeneralFieldAttrProcessor
[THYMELEAF]         * "data-th-field" [1200]: org.thymeleaf.spring4.processor.attr.SpringInputGeneralFieldAttrProcessor
[THYMELEAF]         * "data-th-field" [1200]: org.thymeleaf.spring4.processor.attr.SpringInputGeneralFieldAttrProcessor
[THYMELEAF]         * "data-th-field" [1200]: org.thymeleaf.spring4.processor.attr.SpringInputGeneralFieldAttrProcessor
[THYMELEAF]         * "data-th-field" [1200]: org.thymeleaf.spring4.processor.attr.SpringInputGeneralFieldAttrProcessor
[THYMELEAF]         * "data-th-field" [1200]: org.thymeleaf.spring4.processor.attr.SpringInputPasswordFieldAttrProcessor
[THYMELEAF]         * "data-th-field" [1200]: org.thymeleaf.spring4.processor.attr.SpringInputGeneralFieldAttrProcessor
[THYMELEAF]         * "data-th-field" [1200]: org.thymeleaf.spring4.processor.attr.SpringInputGeneralFieldAttrProcessor
[THYMELEAF]         * "data-th-field" [1200]: org.thymeleaf.spring4.processor.attr.SpringInputFileFieldAttrProcessor
[THYMELEAF]         * "data-th-field" [1200]: org.thymeleaf.spring4.processor.attr.SpringInputGeneralFieldAttrProcessor
[THYMELEAF]         * "data-th-field" [1200]: org.thymeleaf.spring4.processor.attr.SpringTextareaFieldAttrProcessor
[THYMELEAF]         * "data-th-field" [1200]: org.thymeleaf.spring4.processor.attr.SpringInputGeneralFieldAttrProcessor
[THYMELEAF]         * "data-th-field" [1200]: org.thymeleaf.spring4.processor.attr.SpringInputRadioFieldAttrProcessor
[THYMELEAF]         * "data-th-field" [1200]: org.thymeleaf.spring4.processor.attr.SpringOptionFieldAttrProcessor
[THYMELEAF]         * "data-th-field" [1200]: org.thymeleaf.spring4.processor.attr.SpringInputGeneralFieldAttrProcessor
[THYMELEAF]         * "data-th-field" [1200]: org.thymeleaf.spring4.processor.attr.SpringInputGeneralFieldAttrProcessor
[THYMELEAF]         * "data-th-field" [1200]: org.thymeleaf.spring4.processor.attr.SpringInputCheckboxFieldAttrProcessor
[THYMELEAF]         * "data-th-field" [1200]: org.thymeleaf.spring4.processor.attr.SpringInputGeneralFieldAttrProcessor
[THYMELEAF]         * "data-th-field" [1200]: org.thymeleaf.spring4.processor.attr.SpringSelectFieldAttrProcessor
[THYMELEAF]         * "data-th-for" [1000]: org.thymeleaf.standard.processor.attr.StandardSingleRemovableAttributeModifierAttrProcessor
[THYMELEAF]         * "data-th-form" [1000]: org.thymeleaf.standard.processor.attr.StandardSingleRemovableAttributeModifierAttrProcessor
[THYMELEAF]         * "data-th-formaction" [1000]: org.thymeleaf.standard.processor.attr.StandardSingleRemovableAttributeModifierAttrProcessor
[THYMELEAF]         * "data-th-formenctype" [1000]: org.thymeleaf.standard.processor.attr.StandardSingleRemovableAttributeModifierAttrProcessor
[THYMELEAF]         * "data-th-formmethod" [1000]: org.thymeleaf.standard.processor.attr.StandardSingleRemovableAttributeModifierAttrProcessor
[THYMELEAF]         * "data-th-formnovalidate" [1000]: org.thymeleaf.standard.processor.attr.StandardConditionalFixedValueAttrProcessor
[THYMELEAF]         * "data-th-formtarget" [1000]: org.thymeleaf.standard.processor.attr.StandardSingleRemovableAttributeModifierAttrProcessor
[THYMELEAF]         * "data-th-fragment" [1500]: org.thymeleaf.standard.processor.attr.StandardFragmentAttrProcessor
[THYMELEAF]         * "data-th-frame" [1000]: org.thymeleaf.standard.processor.attr.StandardSingleRemovableAttributeModifierAttrProcessor
[THYMELEAF]         * "data-th-frameborder" [1000]: org.thymeleaf.standard.processor.attr.StandardSingleRemovableAttributeModifierAttrProcessor
[THYMELEAF]         * "data-th-headers" [1000]: org.thymeleaf.standard.processor.attr.StandardSingleRemovableAttributeModifierAttrProcessor
[THYMELEAF]         * "data-th-height" [1000]: org.thymeleaf.standard.processor.attr.StandardSingleRemovableAttributeModifierAttrProcessor
[THYMELEAF]         * "data-th-hidden" [1000]: org.thymeleaf.standard.processor.attr.StandardConditionalFixedValueAttrProcessor
[THYMELEAF]         * "data-th-high" [1000]: org.thymeleaf.standard.processor.attr.StandardSingleRemovableAttributeModifierAttrProcessor
[THYMELEAF]         * "data-th-href" [1000]: org.thymeleaf.spring4.processor.attr.SpringHrefAttrProcessor
[THYMELEAF]         * "data-th-hreflang" [1000]: org.thymeleaf.standard.processor.attr.StandardSingleRemovableAttributeModifierAttrProcessor
[THYMELEAF]         * "data-th-hspace" [1000]: org.thymeleaf.standard.processor.attr.StandardSingleRemovableAttributeModifierAttrProcessor
[THYMELEAF]         * "data-th-http-equiv" [1000]: org.thymeleaf.standard.processor.attr.StandardSingleRemovableAttributeModifierAttrProcessor
[THYMELEAF]         * "data-th-icon" [1000]: org.thymeleaf.standard.processor.attr.StandardSingleRemovableAttributeModifierAttrProcessor
[THYMELEAF]         * "data-th-id" [1000]: org.thymeleaf.standard.processor.attr.StandardSingleRemovableAttributeModifierAttrProcessor
[THYMELEAF]         * "data-th-if" [300]: org.thymeleaf.standard.processor.attr.StandardIfAttrProcessor
[THYMELEAF]         * "data-th-include" [100]: org.thymeleaf.standard.processor.attr.StandardIncludeFragmentAttrProcessor
[THYMELEAF]         * "data-th-inline" [1000]: org.thymeleaf.standard.processor.attr.StandardInlineAttrProcessor
[THYMELEAF]         * "data-th-ismap" [1000]: org.thymeleaf.standard.processor.attr.StandardConditionalFixedValueAttrProcessor
[THYMELEAF]         * "data-th-keytype" [1000]: org.thymeleaf.standard.processor.attr.StandardSingleRemovableAttributeModifierAttrProcessor
[THYMELEAF]         * "data-th-kind" [1000]: org.thymeleaf.standard.processor.attr.StandardSingleRemovableAttributeModifierAttrProcessor
[THYMELEAF]         * "data-th-label" [1000]: org.thymeleaf.standard.processor.attr.StandardSingleRemovableAttributeModifierAttrProcessor
[THYMELEAF]         * "data-th-lang" [1000]: org.thymeleaf.standard.processor.attr.StandardSingleRemovableAttributeModifierAttrProcessor
[THYMELEAF]         * "data-th-lang-xmllang" [990]: org.thymeleaf.standard.processor.attr.StandardLangXmlLangAttrProcessor
[THYMELEAF]         * "data-th-list" [1000]: org.thymeleaf.standard.processor.attr.StandardSingleRemovableAttributeModifierAttrProcessor
[THYMELEAF]         * "data-th-longdesc" [1000]: org.thymeleaf.standard.processor.attr.StandardSingleRemovableAttributeModifierAttrProcessor
[THYMELEAF]         * "data-th-loop" [1000]: org.thymeleaf.standard.processor.attr.StandardConditionalFixedValueAttrProcessor
[THYMELEAF]         * "data-th-low" [1000]: org.thymeleaf.standard.processor.attr.StandardSingleRemovableAttributeModifierAttrProcessor
[THYMELEAF]         * "data-th-manifest" [1000]: org.thymeleaf.standard.processor.attr.StandardSingleRemovableAttributeModifierAttrProcessor
[THYMELEAF]         * "data-th-marginheight" [1000]: org.thymeleaf.standard.processor.attr.StandardSingleRemovableAttributeModifierAttrProcessor
[THYMELEAF]         * "data-th-marginwidth" [1000]: org.thymeleaf.standard.processor.attr.StandardSingleRemovableAttributeModifierAttrProcessor
[THYMELEAF]         * "data-th-max" [1000]: org.thymeleaf.standard.processor.attr.StandardSingleRemovableAttributeModifierAttrProcessor
[THYMELEAF]         * "data-th-maxlength" [1000]: org.thymeleaf.standard.processor.attr.StandardSingleRemovableAttributeModifierAttrProcessor
[THYMELEAF]         * "data-th-media" [1000]: org.thymeleaf.standard.processor.attr.StandardSingleRemovableAttributeModifierAttrProcessor
[THYMELEAF]         * "data-th-method" [990]: org.thymeleaf.spring4.processor.attr.SpringMethodAttrProcessor
[THYMELEAF]         * "data-th-min" [1000]: org.thymeleaf.standard.processor.attr.StandardSingleRemovableAttributeModifierAttrProcessor
[THYMELEAF]         * "data-th-multiple" [1000]: org.thymeleaf.standard.processor.attr.StandardConditionalFixedValueAttrProcessor
[THYMELEAF]         * "data-th-name" [1000]: org.thymeleaf.standard.processor.attr.StandardSingleNonRemovableAttributeModifierAttrProcessor
[THYMELEAF]         * "data-th-novalidate" [1000]: org.thymeleaf.standard.processor.attr.StandardConditionalFixedValueAttrProcessor
[THYMELEAF]         * "data-th-nowrap" [1000]: org.thymeleaf.standard.processor.attr.StandardConditionalFixedValueAttrProcessor
[THYMELEAF]         * "data-th-object" [500]: org.thymeleaf.spring4.processor.attr.SpringObjectAttrProcessor
[THYMELEAF]         * "data-th-onabort" [1000]: org.thymeleaf.standard.processor.attr.StandardDOMEventAttributeModifierAttrProcessor
[THYMELEAF]         * "data-th-onafterprint" [1000]: org.thymeleaf.standard.processor.attr.StandardDOMEventAttributeModifierAttrProcessor
[THYMELEAF]         * "data-th-onbeforeprint" [1000]: org.thymeleaf.standard.processor.attr.StandardDOMEventAttributeModifierAttrProcessor
[THYMELEAF]         * "data-th-onbeforeunload" [1000]: org.thymeleaf.standard.processor.attr.StandardDOMEventAttributeModifierAttrProcessor
[THYMELEAF]         * "data-th-onblur" [1000]: org.thymeleaf.standard.processor.attr.StandardDOMEventAttributeModifierAttrProcessor
[THYMELEAF]         * "data-th-oncanplay" [1000]: org.thymeleaf.standard.processor.attr.StandardDOMEventAttributeModifierAttrProcessor
[THYMELEAF]         * "data-th-oncanplaythrough" [1000]: org.thymeleaf.standard.processor.attr.StandardDOMEventAttributeModifierAttrProcessor
[THYMELEAF]         * "data-th-onchange" [1000]: org.thymeleaf.standard.processor.attr.StandardDOMEventAttributeModifierAttrProcessor
[THYMELEAF]         * "data-th-onclick" [1000]: org.thymeleaf.standard.processor.attr.StandardDOMEventAttributeModifierAttrProcessor
[THYMELEAF]         * "data-th-oncontextmenu" [1000]: org.thymeleaf.standard.processor.attr.StandardDOMEventAttributeModifierAttrProcessor
[THYMELEAF]         * "data-th-ondblclick" [1000]: org.thymeleaf.standard.processor.attr.StandardDOMEventAttributeModifierAttrProcessor
[THYMELEAF]         * "data-th-ondrag" [1000]: org.thymeleaf.standard.processor.attr.StandardDOMEventAttributeModifierAttrProcessor
[THYMELEAF]         * "data-th-ondragend" [1000]: org.thymeleaf.standard.processor.attr.StandardDOMEventAttributeModifierAttrProcessor
[THYMELEAF]         * "data-th-ondragenter" [1000]: org.thymeleaf.standard.processor.attr.StandardDOMEventAttributeModifierAttrProcessor
[THYMELEAF]         * "data-th-ondragleave" [1000]: org.thymeleaf.standard.processor.attr.StandardDOMEventAttributeModifierAttrProcessor
[THYMELEAF]         * "data-th-ondragover" [1000]: org.thymeleaf.standard.processor.attr.StandardDOMEventAttributeModifierAttrProcessor
[THYMELEAF]         * "data-th-ondragstart" [1000]: org.thymeleaf.standard.processor.attr.StandardDOMEventAttributeModifierAttrProcessor
[THYMELEAF]         * "data-th-ondrop" [1000]: org.thymeleaf.standard.processor.attr.StandardDOMEventAttributeModifierAttrProcessor
[THYMELEAF]         * "data-th-ondurationchange" [1000]: org.thymeleaf.standard.processor.attr.StandardDOMEventAttributeModifierAttrProcessor
[THYMELEAF]         * "data-th-onemptied" [1000]: org.thymeleaf.standard.processor.attr.StandardDOMEventAttributeModifierAttrProcessor
[THYMELEAF]         * "data-th-onended" [1000]: org.thymeleaf.standard.processor.attr.StandardDOMEventAttributeModifierAttrProcessor
[THYMELEAF]         * "data-th-onerror" [1000]: org.thymeleaf.standard.processor.attr.StandardDOMEventAttributeModifierAttrProcessor
[THYMELEAF]         * "data-th-onfocus" [1000]: org.thymeleaf.standard.processor.attr.StandardDOMEventAttributeModifierAttrProcessor
[THYMELEAF]         * "data-th-onformchange" [1000]: org.thymeleaf.standard.processor.attr.StandardDOMEventAttributeModifierAttrProcessor
[THYMELEAF]         * "data-th-onforminput" [1000]: org.thymeleaf.standard.processor.attr.StandardDOMEventAttributeModifierAttrProcessor
[THYMELEAF]         * "data-th-onhashchange" [1000]: org.thymeleaf.standard.processor.attr.StandardDOMEventAttributeModifierAttrProcessor
[THYMELEAF]         * "data-th-oninput" [1000]: org.thymeleaf.standard.processor.attr.StandardDOMEventAttributeModifierAttrProcessor
[THYMELEAF]         * "data-th-oninvalid" [1000]: org.thymeleaf.standard.processor.attr.StandardDOMEventAttributeModifierAttrProcessor
[THYMELEAF]         * "data-th-onkeydown" [1000]: org.thymeleaf.standard.processor.attr.StandardDOMEventAttributeModifierAttrProcessor
[THYMELEAF]         * "data-th-onkeypress" [1000]: org.thymeleaf.standard.processor.attr.StandardDOMEventAttributeModifierAttrProcessor
[THYMELEAF]         * "data-th-onkeyup" [1000]: org.thymeleaf.standard.processor.attr.StandardDOMEventAttributeModifierAttrProcessor
[THYMELEAF]         * "data-th-onload" [1000]: org.thymeleaf.standard.processor.attr.StandardDOMEventAttributeModifierAttrProcessor
[THYMELEAF]         * "data-th-onloadeddata" [1000]: org.thymeleaf.standard.processor.attr.StandardDOMEventAttributeModifierAttrProcessor
[THYMELEAF]         * "data-th-onloadedmetadata" [1000]: org.thymeleaf.standard.processor.attr.StandardDOMEventAttributeModifierAttrProcessor
[THYMELEAF]         * "data-th-onloadstart" [1000]: org.thymeleaf.standard.processor.attr.StandardDOMEventAttributeModifierAttrProcessor
[THYMELEAF]         * "data-th-onmessage" [1000]: org.thymeleaf.standard.processor.attr.StandardDOMEventAttributeModifierAttrProcessor
[THYMELEAF]         * "data-th-onmousedown" [1000]: org.thymeleaf.standard.processor.attr.StandardDOMEventAttributeModifierAttrProcessor
[THYMELEAF]         * "data-th-onmousemove" [1000]: org.thymeleaf.standard.processor.attr.StandardDOMEventAttributeModifierAttrProcessor
[THYMELEAF]         * "data-th-onmouseout" [1000]: org.thymeleaf.standard.processor.attr.StandardDOMEventAttributeModifierAttrProcessor
[THYMELEAF]         * "data-th-onmouseover" [1000]: org.thymeleaf.standard.processor.attr.StandardDOMEventAttributeModifierAttrProcessor
[THYMELEAF]         * "data-th-onmouseup" [1000]: org.thymeleaf.standard.processor.attr.StandardDOMEventAttributeModifierAttrProcessor
[THYMELEAF]         * "data-th-onmousewheel" [1000]: org.thymeleaf.standard.processor.attr.StandardDOMEventAttributeModifierAttrProcessor
[THYMELEAF]         * "data-th-onoffline" [1000]: org.thymeleaf.standard.processor.attr.StandardDOMEventAttributeModifierAttrProcessor
[THYMELEAF]         * "data-th-ononline" [1000]: org.thymeleaf.standard.processor.attr.StandardDOMEventAttributeModifierAttrProcessor
[THYMELEAF]         * "data-th-onpause" [1000]: org.thymeleaf.standard.processor.attr.StandardDOMEventAttributeModifierAttrProcessor
[THYMELEAF]         * "data-th-onplay" [1000]: org.thymeleaf.standard.processor.attr.StandardDOMEventAttributeModifierAttrProcessor
[THYMELEAF]         * "data-th-onplaying" [1000]: org.thymeleaf.standard.processor.attr.StandardDOMEventAttributeModifierAttrProcessor
[THYMELEAF]         * "data-th-onpopstate" [1000]: org.thymeleaf.standard.processor.attr.StandardDOMEventAttributeModifierAttrProcessor
[THYMELEAF]         * "data-th-onprogress" [1000]: org.thymeleaf.standard.processor.attr.StandardDOMEventAttributeModifierAttrProcessor
[THYMELEAF]         * "data-th-onratechange" [1000]: org.thymeleaf.standard.processor.attr.StandardDOMEventAttributeModifierAttrProcessor
[THYMELEAF]         * "data-th-onreadystatechange" [1000]: org.thymeleaf.standard.processor.attr.StandardDOMEventAttributeModifierAttrProcessor
[THYMELEAF]         * "data-th-onredo" [1000]: org.thymeleaf.standard.processor.attr.StandardDOMEventAttributeModifierAttrProcessor
[THYMELEAF]         * "data-th-onreset" [1000]: org.thymeleaf.standard.processor.attr.StandardDOMEventAttributeModifierAttrProcessor
[THYMELEAF]         * "data-th-onresize" [1000]: org.thymeleaf.standard.processor.attr.StandardDOMEventAttributeModifierAttrProcessor
[THYMELEAF]         * "data-th-onscroll" [1000]: org.thymeleaf.standard.processor.attr.StandardDOMEventAttributeModifierAttrProcessor
[THYMELEAF]         * "data-th-onseeked" [1000]: org.thymeleaf.standard.processor.attr.StandardDOMEventAttributeModifierAttrProcessor
[THYMELEAF]         * "data-th-onseeking" [1000]: org.thymeleaf.standard.processor.attr.StandardDOMEventAttributeModifierAttrProcessor
[THYMELEAF]         * "data-th-onselect" [1000]: org.thymeleaf.standard.processor.attr.StandardDOMEventAttributeModifierAttrProcessor
[THYMELEAF]         * "data-th-onshow" [1000]: org.thymeleaf.standard.processor.attr.StandardDOMEventAttributeModifierAttrProcessor
[THYMELEAF]         * "data-th-onstalled" [1000]: org.thymeleaf.standard.processor.attr.StandardDOMEventAttributeModifierAttrProcessor
[THYMELEAF]         * "data-th-onstorage" [1000]: org.thymeleaf.standard.processor.attr.StandardDOMEventAttributeModifierAttrProcessor
[THYMELEAF]         * "data-th-onsubmit" [1000]: org.thymeleaf.standard.processor.attr.StandardDOMEventAttributeModifierAttrProcessor
[THYMELEAF]         * "data-th-onsuspend" [1000]: org.thymeleaf.standard.processor.attr.StandardDOMEventAttributeModifierAttrProcessor
[THYMELEAF]         * "data-th-ontimeupdate" [1000]: org.thymeleaf.standard.processor.attr.StandardDOMEventAttributeModifierAttrProcessor
[THYMELEAF]         * "data-th-onundo" [1000]: org.thymeleaf.standard.processor.attr.StandardDOMEventAttributeModifierAttrProcessor
[THYMELEAF]         * "data-th-onunload" [1000]: org.thymeleaf.standard.processor.attr.StandardDOMEventAttributeModifierAttrProcessor
[THYMELEAF]         * "data-th-onvolumechange" [1000]: org.thymeleaf.standard.processor.attr.StandardDOMEventAttributeModifierAttrProcessor
[THYMELEAF]         * "data-th-onwaiting" [1000]: org.thymeleaf.standard.processor.attr.StandardDOMEventAttributeModifierAttrProcessor
[THYMELEAF]         * "data-th-open" [1000]: org.thymeleaf.standard.processor.attr.StandardConditionalFixedValueAttrProcessor
[THYMELEAF]         * "data-th-optimum" [1000]: org.thymeleaf.standard.processor.attr.StandardSingleRemovableAttributeModifierAttrProcessor
[THYMELEAF]         * "data-th-pattern" [1000]: org.thymeleaf.standard.processor.attr.StandardSingleRemovableAttributeModifierAttrProcessor
[THYMELEAF]         * "data-th-placeholder" [1000]: org.thymeleaf.standard.processor.attr.StandardSingleRemovableAttributeModifierAttrProcessor
[THYMELEAF]         * "data-th-poster" [1000]: org.thymeleaf.standard.processor.attr.StandardSingleRemovableAttributeModifierAttrProcessor
[THYMELEAF]         * "data-th-preload" [1000]: org.thymeleaf.standard.processor.attr.StandardSingleRemovableAttributeModifierAttrProcessor
[THYMELEAF]         * "data-th-pubdate" [1000]: org.thymeleaf.standard.processor.attr.StandardConditionalFixedValueAttrProcessor
[THYMELEAF]         * "data-th-radiogroup" [1000]: org.thymeleaf.standard.processor.attr.StandardSingleRemovableAttributeModifierAttrProcessor
[THYMELEAF]         * "data-th-readonly" [1000]: org.thymeleaf.standard.processor.attr.StandardConditionalFixedValueAttrProcessor
[THYMELEAF]         * "data-th-rel" [1000]: org.thymeleaf.standard.processor.attr.StandardSingleRemovableAttributeModifierAttrProcessor
[THYMELEAF]         * "data-th-remove" [1600]: org.thymeleaf.standard.processor.attr.StandardRemoveAttrProcessor
[THYMELEAF]         * "data-th-replace" [100]: org.thymeleaf.standard.processor.attr.StandardReplaceFragmentAttrProcessor
[THYMELEAF]         * "data-th-required" [1000]: org.thymeleaf.standard.processor.attr.StandardConditionalFixedValueAttrProcessor
[THYMELEAF]         * "data-th-rev" [1000]: org.thymeleaf.standard.processor.attr.StandardSingleRemovableAttributeModifierAttrProcessor
[THYMELEAF]         * "data-th-reversed" [1000]: org.thymeleaf.standard.processor.attr.StandardConditionalFixedValueAttrProcessor
[THYMELEAF]         * "data-th-rows" [1000]: org.thymeleaf.standard.processor.attr.StandardSingleRemovableAttributeModifierAttrProcessor
[THYMELEAF]         * "data-th-rowspan" [1000]: org.thymeleaf.standard.processor.attr.StandardSingleRemovableAttributeModifierAttrProcessor
[THYMELEAF]         * "data-th-rules" [1000]: org.thymeleaf.standard.processor.attr.StandardSingleRemovableAttributeModifierAttrProcessor
[THYMELEAF]         * "data-th-sandbox" [1000]: org.thymeleaf.standard.processor.attr.StandardSingleRemovableAttributeModifierAttrProcessor
[THYMELEAF]         * "data-th-scheme" [1000]: org.thymeleaf.standard.processor.attr.StandardSingleRemovableAttributeModifierAttrProcessor
[THYMELEAF]         * "data-th-scope" [1000]: org.thymeleaf.standard.processor.attr.StandardSingleRemovableAttributeModifierAttrProcessor
[THYMELEAF]         * "data-th-scoped" [1000]: org.thymeleaf.standard.processor.attr.StandardConditionalFixedValueAttrProcessor
[THYMELEAF]         * "data-th-scrolling" [1000]: org.thymeleaf.standard.processor.attr.StandardSingleRemovableAttributeModifierAttrProcessor
[THYMELEAF]         * "data-th-seamless" [1000]: org.thymeleaf.standard.processor.attr.StandardConditionalFixedValueAttrProcessor
[THYMELEAF]         * "data-th-selected" [1000]: org.thymeleaf.standard.processor.attr.StandardConditionalFixedValueAttrProcessor
[THYMELEAF]         * "data-th-size" [1000]: org.thymeleaf.standard.processor.attr.StandardSingleRemovableAttributeModifierAttrProcessor
[THYMELEAF]         * "data-th-sizes" [1000]: org.thymeleaf.standard.processor.attr.StandardSingleRemovableAttributeModifierAttrProcessor
[THYMELEAF]         * "data-th-span" [1000]: org.thymeleaf.standard.processor.attr.StandardSingleRemovableAttributeModifierAttrProcessor
[THYMELEAF]         * "data-th-spellcheck" [1000]: org.thymeleaf.standard.processor.attr.StandardSingleRemovableAttributeModifierAttrProcessor
[THYMELEAF]         * "data-th-src" [1000]: org.thymeleaf.spring4.processor.attr.SpringSrcAttrProcessor
[THYMELEAF]         * "data-th-srclang" [1000]: org.thymeleaf.standard.processor.attr.StandardSingleRemovableAttributeModifierAttrProcessor
[THYMELEAF]         * "data-th-standby" [1000]: org.thymeleaf.standard.processor.attr.StandardSingleRemovableAttributeModifierAttrProcessor
[THYMELEAF]         * "data-th-start" [1000]: org.thymeleaf.standard.processor.attr.StandardSingleRemovableAttributeModifierAttrProcessor
[THYMELEAF]         * "data-th-step" [1000]: org.thymeleaf.standard.processor.attr.StandardSingleRemovableAttributeModifierAttrProcessor
[THYMELEAF]         * "data-th-style" [1000]: org.thymeleaf.standard.processor.attr.StandardSingleRemovableAttributeModifierAttrProcessor
[THYMELEAF]         * "data-th-styleappend" [1100]: org.thymeleaf.standard.processor.attr.StandardStyleappendAttrProcessor
[THYMELEAF]         * "data-th-substituteby" [100]: org.thymeleaf.standard.processor.attr.StandardSubstituteByFragmentAttrProcessor
[THYMELEAF]         * "data-th-summary" [1000]: org.thymeleaf.standard.processor.attr.StandardSingleRemovableAttributeModifierAttrProcessor
[THYMELEAF]         * "data-th-switch" [250]: org.thymeleaf.standard.processor.attr.StandardSwitchAttrProcessor
[THYMELEAF]         * "data-th-tabindex" [1000]: org.thymeleaf.standard.processor.attr.StandardSingleRemovableAttributeModifierAttrProcessor
[THYMELEAF]         * "data-th-target" [1000]: org.thymeleaf.standard.processor.attr.StandardSingleRemovableAttributeModifierAttrProcessor
[THYMELEAF]         * "data-th-text" [1300]: org.thymeleaf.standard.processor.attr.StandardTextAttrProcessor
[THYMELEAF]         * "data-th-title" [1000]: org.thymeleaf.standard.processor.attr.StandardSingleRemovableAttributeModifierAttrProcessor
[THYMELEAF]         * "data-th-type" [1000]: org.thymeleaf.standard.processor.attr.StandardSingleNonRemovableAttributeModifierAttrProcessor
[THYMELEAF]         * "data-th-unless" [400]: org.thymeleaf.standard.processor.attr.StandardUnlessAttrProcessor
[THYMELEAF]         * "data-th-usemap" [1000]: org.thymeleaf.standard.processor.attr.StandardSingleRemovableAttributeModifierAttrProcessor
[THYMELEAF]         * "data-th-utext" [1400]: org.thymeleaf.standard.processor.attr.StandardUtextAttrProcessor
[THYMELEAF]         * "data-th-value" [1010]: org.thymeleaf.spring4.processor.attr.SpringValueAttrProcessor
[THYMELEAF]         * "data-th-valuetype" [1000]: org.thymeleaf.standard.processor.attr.StandardSingleRemovableAttributeModifierAttrProcessor
[THYMELEAF]         * "data-th-vspace" [1000]: org.thymeleaf.standard.processor.attr.StandardSingleRemovableAttributeModifierAttrProcessor
[THYMELEAF]         * "data-th-width" [1000]: org.thymeleaf.standard.processor.attr.StandardSingleRemovableAttributeModifierAttrProcessor
[THYMELEAF]         * "data-th-with" [600]: org.thymeleaf.standard.processor.attr.StandardWithAttrProcessor
[THYMELEAF]         * "data-th-wrap" [1000]: org.thymeleaf.standard.processor.attr.StandardSingleRemovableAttributeModifierAttrProcessor
[THYMELEAF]         * "data-th-xmlbase" [1000]: org.thymeleaf.standard.processor.attr.StandardXmlBaseAttrProcessor
[THYMELEAF]         * "data-th-xmllang" [1000]: org.thymeleaf.standard.processor.attr.StandardXmlLangAttrProcessor
[THYMELEAF]         * "data-th-xmlspace" [1000]: org.thymeleaf.standard.processor.attr.StandardXmlSpaceAttrProcessor
[THYMELEAF]         * "th:abbr" [1000]: org.thymeleaf.standard.processor.attr.StandardSingleRemovableAttributeModifierAttrProcessor
[THYMELEAF]         * "th:accept" [1000]: org.thymeleaf.standard.processor.attr.StandardSingleRemovableAttributeModifierAttrProcessor
[THYMELEAF]         * "th:accept-charset" [1000]: org.thymeleaf.standard.processor.attr.StandardSingleRemovableAttributeModifierAttrProcessor
[THYMELEAF]         * "th:accesskey" [1000]: org.thymeleaf.standard.processor.attr.StandardSingleRemovableAttributeModifierAttrProcessor
[THYMELEAF]         * "th:action" [1000]: org.thymeleaf.spring4.processor.attr.SpringActionAttrProcessor
[THYMELEAF]         * "th:align" [1000]: org.thymeleaf.standard.processor.attr.StandardSingleRemovableAttributeModifierAttrProcessor
[THYMELEAF]         * "th:alt" [1000]: org.thymeleaf.standard.processor.attr.StandardSingleRemovableAttributeModifierAttrProcessor
[THYMELEAF]         * "th:alt-title" [990]: org.thymeleaf.standard.processor.attr.StandardAltTitleAttrProcessor
[THYMELEAF]         * "th:archive" [1000]: org.thymeleaf.standard.processor.attr.StandardSingleRemovableAttributeModifierAttrProcessor
[THYMELEAF]         * "th:assert" [1550]: org.thymeleaf.standard.processor.attr.StandardAssertAttrProcessor
[THYMELEAF]         * "th:async" [1000]: org.thymeleaf.standard.processor.attr.StandardConditionalFixedValueAttrProcessor
[THYMELEAF]         * "th:attr" [700]: org.thymeleaf.standard.processor.attr.StandardAttrAttrProcessor
[THYMELEAF]         * "th:attrappend" [900]: org.thymeleaf.standard.processor.attr.StandardAttrappendAttrProcessor
[THYMELEAF]         * "th:attrprepend" [800]: org.thymeleaf.standard.processor.attr.StandardAttrprependAttrProcessor
[THYMELEAF]         * "th:audio" [1000]: org.thymeleaf.standard.processor.attr.StandardSingleRemovableAttributeModifierAttrProcessor
[THYMELEAF]         * "th:autocomplete" [1000]: org.thymeleaf.standard.processor.attr.StandardSingleRemovableAttributeModifierAttrProcessor
[THYMELEAF]         * "th:autofocus" [1000]: org.thymeleaf.standard.processor.attr.StandardConditionalFixedValueAttrProcessor
[THYMELEAF]         * "th:autoplay" [1000]: org.thymeleaf.standard.processor.attr.StandardConditionalFixedValueAttrProcessor
[THYMELEAF]         * "th:axis" [1000]: org.thymeleaf.standard.processor.attr.StandardSingleRemovableAttributeModifierAttrProcessor
[THYMELEAF]         * "th:background" [1000]: org.thymeleaf.standard.processor.attr.StandardSingleRemovableAttributeModifierAttrProcessor
[THYMELEAF]         * "th:bgcolor" [1000]: org.thymeleaf.standard.processor.attr.StandardSingleRemovableAttributeModifierAttrProcessor
[THYMELEAF]         * "th:border" [1000]: org.thymeleaf.standard.processor.attr.StandardSingleRemovableAttributeModifierAttrProcessor
[THYMELEAF]         * "th:case" [275]: org.thymeleaf.standard.processor.attr.StandardCaseAttrProcessor
[THYMELEAF]         * "th:cellpadding" [1000]: org.thymeleaf.standard.processor.attr.StandardSingleRemovableAttributeModifierAttrProcessor
[THYMELEAF]         * "th:cellspacing" [1000]: org.thymeleaf.standard.processor.attr.StandardSingleRemovableAttributeModifierAttrProcessor
[THYMELEAF]         * "th:challenge" [1000]: org.thymeleaf.standard.processor.attr.StandardSingleRemovableAttributeModifierAttrProcessor
[THYMELEAF]         * "th:charset" [1000]: org.thymeleaf.standard.processor.attr.StandardSingleRemovableAttributeModifierAttrProcessor
[THYMELEAF]         * "th:checked" [1000]: org.thymeleaf.standard.processor.attr.StandardConditionalFixedValueAttrProcessor
[THYMELEAF]         * "th:cite" [1000]: org.thymeleaf.standard.processor.attr.StandardSingleRemovableAttributeModifierAttrProcessor
[THYMELEAF]         * "th:class" [1000]: org.thymeleaf.standard.processor.attr.StandardSingleRemovableAttributeModifierAttrProcessor
[THYMELEAF]         * "th:classappend" [1100]: org.thymeleaf.standard.processor.attr.StandardClassappendAttrProcessor
[THYMELEAF]         * "th:classid" [1000]: org.thymeleaf.standard.processor.attr.StandardSingleRemovableAttributeModifierAttrProcessor
[THYMELEAF]         * "th:codebase" [1000]: org.thymeleaf.standard.processor.attr.StandardSingleRemovableAttributeModifierAttrProcessor
[THYMELEAF]         * "th:codetype" [1000]: org.thymeleaf.standard.processor.attr.StandardSingleRemovableAttributeModifierAttrProcessor
[THYMELEAF]         * "th:cols" [1000]: org.thymeleaf.standard.processor.attr.StandardSingleRemovableAttributeModifierAttrProcessor
[THYMELEAF]         * "th:colspan" [1000]: org.thymeleaf.standard.processor.attr.StandardSingleRemovableAttributeModifierAttrProcessor
[THYMELEAF]         * "th:compact" [1000]: org.thymeleaf.standard.processor.attr.StandardSingleRemovableAttributeModifierAttrProcessor
[THYMELEAF]         * "th:content" [1000]: org.thymeleaf.standard.processor.attr.StandardSingleRemovableAttributeModifierAttrProcessor
[THYMELEAF]         * "th:contenteditable" [1000]: org.thymeleaf.standard.processor.attr.StandardSingleRemovableAttributeModifierAttrProcessor
[THYMELEAF]         * "th:contextmenu" [1000]: org.thymeleaf.standard.processor.attr.StandardSingleRemovableAttributeModifierAttrProcessor
[THYMELEAF]         * "th:controls" [1000]: org.thymeleaf.standard.processor.attr.StandardConditionalFixedValueAttrProcessor
[THYMELEAF]         * "th:data" [1000]: org.thymeleaf.standard.processor.attr.StandardSingleRemovableAttributeModifierAttrProcessor
[THYMELEAF]         * "th:datetime" [1000]: org.thymeleaf.standard.processor.attr.StandardSingleRemovableAttributeModifierAttrProcessor
[THYMELEAF]         * "th:declare" [1000]: org.thymeleaf.standard.processor.attr.StandardConditionalFixedValueAttrProcessor
[THYMELEAF]         * "th:default" [1000]: org.thymeleaf.standard.processor.attr.StandardConditionalFixedValueAttrProcessor
[THYMELEAF]         * "th:defer" [1000]: org.thymeleaf.standard.processor.attr.StandardConditionalFixedValueAttrProcessor
[THYMELEAF]         * "th:dir" [1000]: org.thymeleaf.standard.processor.attr.StandardSingleRemovableAttributeModifierAttrProcessor
[THYMELEAF]         * "th:disabled" [1000]: org.thymeleaf.standard.processor.attr.StandardConditionalFixedValueAttrProcessor
[THYMELEAF]         * "th:draggable" [1000]: org.thymeleaf.standard.processor.attr.StandardSingleRemovableAttributeModifierAttrProcessor
[THYMELEAF]         * "th:dropzone" [1000]: org.thymeleaf.standard.processor.attr.StandardSingleRemovableAttributeModifierAttrProcessor
[THYMELEAF]         * "th:each" [200]: org.thymeleaf.standard.processor.attr.StandardEachAttrProcessor
[THYMELEAF]         * "th:enctype" [1000]: org.thymeleaf.standard.processor.attr.StandardSingleRemovableAttributeModifierAttrProcessor
[THYMELEAF]         * "th:errorclass" [1500]: org.thymeleaf.spring4.processor.attr.SpringErrorClassAttrProcessor
[THYMELEAF]         * "th:errors" [1200]: org.thymeleaf.spring4.processor.attr.SpringErrorsAttrProcessor
[THYMELEAF]         * "th:field" [1200]: org.thymeleaf.spring4.processor.attr.SpringInputGeneralFieldAttrProcessor
[THYMELEAF]         * "th:field" [1200]: org.thymeleaf.spring4.processor.attr.SpringInputGeneralFieldAttrProcessor
[THYMELEAF]         * "th:field" [1200]: org.thymeleaf.spring4.processor.attr.SpringInputGeneralFieldAttrProcessor
[THYMELEAF]         * "th:field" [1200]: org.thymeleaf.spring4.processor.attr.SpringInputGeneralFieldAttrProcessor
[THYMELEAF]         * "th:field" [1200]: org.thymeleaf.spring4.processor.attr.SpringInputGeneralFieldAttrProcessor
[THYMELEAF]         * "th:field" [1200]: org.thymeleaf.spring4.processor.attr.SpringInputGeneralFieldAttrProcessor
[THYMELEAF]         * "th:field" [1200]: org.thymeleaf.spring4.processor.attr.SpringInputGeneralFieldAttrProcessor
[THYMELEAF]         * "th:field" [1200]: org.thymeleaf.spring4.processor.attr.SpringInputGeneralFieldAttrProcessor
[THYMELEAF]         * "th:field" [1200]: org.thymeleaf.spring4.processor.attr.SpringInputGeneralFieldAttrProcessor
[THYMELEAF]         * "th:field" [1200]: org.thymeleaf.spring4.processor.attr.SpringInputPasswordFieldAttrProcessor
[THYMELEAF]         * "th:field" [1200]: org.thymeleaf.spring4.processor.attr.SpringInputGeneralFieldAttrProcessor
[THYMELEAF]         * "th:field" [1200]: org.thymeleaf.spring4.processor.attr.SpringInputGeneralFieldAttrProcessor
[THYMELEAF]         * "th:field" [1200]: org.thymeleaf.spring4.processor.attr.SpringInputFileFieldAttrProcessor
[THYMELEAF]         * "th:field" [1200]: org.thymeleaf.spring4.processor.attr.SpringInputGeneralFieldAttrProcessor
[THYMELEAF]         * "th:field" [1200]: org.thymeleaf.spring4.processor.attr.SpringTextareaFieldAttrProcessor
[THYMELEAF]         * "th:field" [1200]: org.thymeleaf.spring4.processor.attr.SpringInputGeneralFieldAttrProcessor
[THYMELEAF]         * "th:field" [1200]: org.thymeleaf.spring4.processor.attr.SpringInputRadioFieldAttrProcessor
[THYMELEAF]         * "th:field" [1200]: org.thymeleaf.spring4.processor.attr.SpringOptionFieldAttrProcessor
[THYMELEAF]         * "th:field" [1200]: org.thymeleaf.spring4.processor.attr.SpringInputGeneralFieldAttrProcessor
[THYMELEAF]         * "th:field" [1200]: org.thymeleaf.spring4.processor.attr.SpringInputGeneralFieldAttrProcessor
[THYMELEAF]         * "th:field" [1200]: org.thymeleaf.spring4.processor.attr.SpringInputCheckboxFieldAttrProcessor
[THYMELEAF]         * "th:field" [1200]: org.thymeleaf.spring4.processor.attr.SpringInputGeneralFieldAttrProcessor
[THYMELEAF]         * "th:field" [1200]: org.thymeleaf.spring4.processor.attr.SpringSelectFieldAttrProcessor
[THYMELEAF]         * "th:for" [1000]: org.thymeleaf.standard.processor.attr.StandardSingleRemovableAttributeModifierAttrProcessor
[THYMELEAF]         * "th:form" [1000]: org.thymeleaf.standard.processor.attr.StandardSingleRemovableAttributeModifierAttrProcessor
[THYMELEAF]         * "th:formaction" [1000]: org.thymeleaf.standard.processor.attr.StandardSingleRemovableAttributeModifierAttrProcessor
[THYMELEAF]         * "th:formenctype" [1000]: org.thymeleaf.standard.processor.attr.StandardSingleRemovableAttributeModifierAttrProcessor
[THYMELEAF]         * "th:formmethod" [1000]: org.thymeleaf.standard.processor.attr.StandardSingleRemovableAttributeModifierAttrProcessor
[THYMELEAF]         * "th:formnovalidate" [1000]: org.thymeleaf.standard.processor.attr.StandardConditionalFixedValueAttrProcessor
[THYMELEAF]         * "th:formtarget" [1000]: org.thymeleaf.standard.processor.attr.StandardSingleRemovableAttributeModifierAttrProcessor
[THYMELEAF]         * "th:fragment" [1500]: org.thymeleaf.standard.processor.attr.StandardFragmentAttrProcessor
[THYMELEAF]         * "th:frame" [1000]: org.thymeleaf.standard.processor.attr.StandardSingleRemovableAttributeModifierAttrProcessor
[THYMELEAF]         * "th:frameborder" [1000]: org.thymeleaf.standard.processor.attr.StandardSingleRemovableAttributeModifierAttrProcessor
[THYMELEAF]         * "th:headers" [1000]: org.thymeleaf.standard.processor.attr.StandardSingleRemovableAttributeModifierAttrProcessor
[THYMELEAF]         * "th:height" [1000]: org.thymeleaf.standard.processor.attr.StandardSingleRemovableAttributeModifierAttrProcessor
[THYMELEAF]         * "th:hidden" [1000]: org.thymeleaf.standard.processor.attr.StandardConditionalFixedValueAttrProcessor
[THYMELEAF]         * "th:high" [1000]: org.thymeleaf.standard.processor.attr.StandardSingleRemovableAttributeModifierAttrProcessor
[THYMELEAF]         * "th:href" [1000]: org.thymeleaf.spring4.processor.attr.SpringHrefAttrProcessor
[THYMELEAF]         * "th:hreflang" [1000]: org.thymeleaf.standard.processor.attr.StandardSingleRemovableAttributeModifierAttrProcessor
[THYMELEAF]         * "th:hspace" [1000]: org.thymeleaf.standard.processor.attr.StandardSingleRemovableAttributeModifierAttrProcessor
[THYMELEAF]         * "th:http-equiv" [1000]: org.thymeleaf.standard.processor.attr.StandardSingleRemovableAttributeModifierAttrProcessor
[THYMELEAF]         * "th:icon" [1000]: org.thymeleaf.standard.processor.attr.StandardSingleRemovableAttributeModifierAttrProcessor
[THYMELEAF]         * "th:id" [1000]: org.thymeleaf.standard.processor.attr.StandardSingleRemovableAttributeModifierAttrProcessor
[THYMELEAF]         * "th:if" [300]: org.thymeleaf.standard.processor.attr.StandardIfAttrProcessor
[THYMELEAF]         * "th:include" [100]: org.thymeleaf.standard.processor.attr.StandardIncludeFragmentAttrProcessor
[THYMELEAF]         * "th:inline" [1000]: org.thymeleaf.standard.processor.attr.StandardInlineAttrProcessor
[THYMELEAF]         * "th:ismap" [1000]: org.thymeleaf.standard.processor.attr.StandardConditionalFixedValueAttrProcessor
[THYMELEAF]         * "th:keytype" [1000]: org.thymeleaf.standard.processor.attr.StandardSingleRemovableAttributeModifierAttrProcessor
[THYMELEAF]         * "th:kind" [1000]: org.thymeleaf.standard.processor.attr.StandardSingleRemovableAttributeModifierAttrProcessor
[THYMELEAF]         * "th:label" [1000]: org.thymeleaf.standard.processor.attr.StandardSingleRemovableAttributeModifierAttrProcessor
[THYMELEAF]         * "th:lang" [1000]: org.thymeleaf.standard.processor.attr.StandardSingleRemovableAttributeModifierAttrProcessor
[THYMELEAF]         * "th:lang-xmllang" [990]: org.thymeleaf.standard.processor.attr.StandardLangXmlLangAttrProcessor
[THYMELEAF]         * "th:list" [1000]: org.thymeleaf.standard.processor.attr.StandardSingleRemovableAttributeModifierAttrProcessor
[THYMELEAF]         * "th:longdesc" [1000]: org.thymeleaf.standard.processor.attr.StandardSingleRemovableAttributeModifierAttrProcessor
[THYMELEAF]         * "th:loop" [1000]: org.thymeleaf.standard.processor.attr.StandardConditionalFixedValueAttrProcessor
[THYMELEAF]         * "th:low" [1000]: org.thymeleaf.standard.processor.attr.StandardSingleRemovableAttributeModifierAttrProcessor
[THYMELEAF]         * "th:manifest" [1000]: org.thymeleaf.standard.processor.attr.StandardSingleRemovableAttributeModifierAttrProcessor
[THYMELEAF]         * "th:marginheight" [1000]: org.thymeleaf.standard.processor.attr.StandardSingleRemovableAttributeModifierAttrProcessor
[THYMELEAF]         * "th:marginwidth" [1000]: org.thymeleaf.standard.processor.attr.StandardSingleRemovableAttributeModifierAttrProcessor
[THYMELEAF]         * "th:max" [1000]: org.thymeleaf.standard.processor.attr.StandardSingleRemovableAttributeModifierAttrProcessor
[THYMELEAF]         * "th:maxlength" [1000]: org.thymeleaf.standard.processor.attr.StandardSingleRemovableAttributeModifierAttrProcessor
[THYMELEAF]         * "th:media" [1000]: org.thymeleaf.standard.processor.attr.StandardSingleRemovableAttributeModifierAttrProcessor
[THYMELEAF]         * "th:method" [990]: org.thymeleaf.spring4.processor.attr.SpringMethodAttrProcessor
[THYMELEAF]         * "th:min" [1000]: org.thymeleaf.standard.processor.attr.StandardSingleRemovableAttributeModifierAttrProcessor
[...]
15:05:09.572 [main] DEBUG org.springframework.security.web.header.writers.HstsHeaderWriter - Not injecting HSTS header since it did not match the requestMatcher org.springframework.security.web.header.writers.HstsHeaderWriter$SecureRequestMatcher@5c47ef5f
15:05:09.572 [main] DEBUG org.springframework.security.web.FilterChainProxy - /registration at position 4 of 11 in additional filter chain; firing Filter: 'LogoutFilter'
15:05:09.572 [main] DEBUG org.springframework.security.web.util.matcher.OrRequestMatcher - Trying to match using Ant [pattern='/logout', GET]
15:05:09.572 [main] DEBUG org.springframework.security.web.util.matcher.AntPathRequestMatcher - Request 'POST /registration' doesn't match 'GET /logout
15:05:09.572 [main] DEBUG org.springframework.security.web.util.matcher.OrRequestMatcher - Trying to match using Ant [pattern='/logout', POST]
15:05:09.572 [main] DEBUG org.springframework.security.web.util.matcher.AntPathRequestMatcher - Checking match of request : '/registration'; against '/logout'
15:05:09.572 [main] DEBUG org.springframework.security.web.util.matcher.OrRequestMatcher - Trying to match using Ant [pattern='/logout', PUT]
15:05:09.572 [main] DEBUG org.springframework.security.web.util.matcher.AntPathRequestMatcher - Request 'POST /registration' doesn't match 'PUT /logout
15:05:09.572 [main] DEBUG org.springframework.security.web.util.matcher.OrRequestMatcher - Trying to match using Ant [pattern='/logout', DELETE]
15:05:09.572 [main] DEBUG org.springframework.security.web.util.matcher.AntPathRequestMatcher - Request 'POST /registration' doesn't match 'DELETE /logout
15:05:09.572 [main] DEBUG org.springframework.security.web.util.matcher.OrRequestMatcher - No matches found
15:05:09.572 [main] DEBUG org.springframework.security.web.FilterChainProxy - /registration at position 5 of 11 in additional filter chain; firing Filter: 'UsernamePasswordAuthenticationFilter'
15:05:09.572 [main] DEBUG org.springframework.security.web.util.matcher.AntPathRequestMatcher - Checking match of request : '/registration'; against '/login'
15:05:09.572 [main] DEBUG org.springframework.security.web.FilterChainProxy - /registration at position 6 of 11 in additional filter chain; firing Filter: 'RequestCacheAwareFilter'
15:05:09.572 [main] DEBUG org.springframework.security.web.FilterChainProxy - /registration at position 7 of 11 in additional filter chain; firing Filter: 'SecurityContextHolderAwareRequestFilter'
15:05:09.572 [main] DEBUG org.springframework.security.web.FilterChainProxy - /registration at position 8 of 11 in additional filter chain; firing Filter: 'AnonymousAuthenticationFilter'
15:05:09.572 [main] DEBUG org.springframework.security.web.authentication.AnonymousAuthenticationFilter - Populated SecurityContextHolder with anonymous token: 'org.springframework.security.authentication.AnonymousAuthenticationToken@90572420: Principal: anonymousUser; Credentials: [PROTECTED]; Authenticated: true; Details: org.springframework.security.web.authentication.WebAuthenticationDetails@255f8: RemoteIpAddress: 127.0.0.1; SessionId: 5; Granted Authorities: ROLE_ANONYMOUS'
15:05:09.573 [main] DEBUG org.springframework.security.web.FilterChainProxy - /registration at position 9 of 11 in additional filter chain; firing Filter: 'SessionManagementFilter'
15:05:09.573 [main] DEBUG org.springframework.security.web.FilterChainProxy - /registration at position 10 of 11 in additional filter chain; firing Filter: 'ExceptionTranslationFilter'
15:05:09.573 [main] DEBUG org.springframework.security.web.FilterChainProxy - /registration at position 11 of 11 in additional filter chain; firing Filter: 'FilterSecurityInterceptor'
15:05:09.573 [main] DEBUG org.springframework.security.web.util.matcher.OrRequestMatcher - Trying to match using Ant [pattern='/logout', GET]
15:05:09.573 [main] DEBUG org.springframework.security.web.util.matcher.AntPathRequestMatcher - Request 'POST /registration' doesn't match 'GET /logout
15:05:09.573 [main] DEBUG org.springframework.security.web.util.matcher.OrRequestMatcher - Trying to match using Ant [pattern='/logout', POST]
15:05:09.573 [main] DEBUG org.springframework.security.web.util.matcher.AntPathRequestMatcher - Checking match of request : '/registration'; against '/logout'
15:05:09.573 [main] DEBUG org.springframework.security.web.util.matcher.OrRequestMatcher - Trying to match using Ant [pattern='/logout', PUT]
15:05:09.573 [main] DEBUG org.springframework.security.web.util.matcher.AntPathRequestMatcher - Request 'POST /registration' doesn't match 'PUT /logout
15:05:09.573 [main] DEBUG org.springframework.security.web.util.matcher.OrRequestMatcher - Trying to match using Ant [pattern='/logout', DELETE]
15:05:09.573 [main] DEBUG org.springframework.security.web.util.matcher.AntPathRequestMatcher - Request 'POST /registration' doesn't match 'DELETE /logout
15:05:09.573 [main] DEBUG org.springframework.security.web.util.matcher.OrRequestMatcher - No matches found
15:05:09.573 [main] DEBUG org.springframework.security.web.util.matcher.AntPathRequestMatcher - Checking match of request : '/registration'; against '/users/**'
15:05:09.573 [main] DEBUG org.springframework.security.web.util.matcher.AntPathRequestMatcher - Checking match of request : '/registration'; against '/registration'
15:05:09.573 [main] DEBUG org.springframework.security.web.access.intercept.FilterSecurityInterceptor - Secure object: FilterInvocation: URL: /registration; Attributes: [permitAll]
15:05:09.573 [main] DEBUG org.springframework.security.web.access.intercept.FilterSecurityInterceptor - Previously Authenticated: org.springframework.security.authentication.AnonymousAuthenticationToken@90572420: Principal: anonymousUser; Credentials: [PROTECTED]; Authenticated: true; Details: org.springframework.security.web.authentication.WebAuthenticationDetails@255f8: RemoteIpAddress: 127.0.0.1; SessionId: 5; Granted Authorities: ROLE_ANONYMOUS
15:05:09.573 [main] DEBUG org.springframework.security.access.vote.AffirmativeBased - Voter: org.springframework.security.web.access.expression.WebExpressionVoter@2f04c1f3, returned: 1
15:05:09.573 [main] DEBUG org.springframework.security.web.access.intercept.FilterSecurityInterceptor - Authorization successful
15:05:09.573 [main] DEBUG org.springframework.security.web.access.intercept.FilterSecurityInterceptor - RunAsManager did not change Authentication object
15:05:09.573 [main] DEBUG org.springframework.security.web.FilterChainProxy - /registration reached end of additional filter chain; proceeding with original chain
15:05:09.573 [main] DEBUG org.springframework.test.web.servlet.TestDispatcherServlet - DispatcherServlet with name '' processing POST request for [/registration]
15:05:09.573 [main] DEBUG org.springframework.web.servlet.mvc.method.annotation.RequestMappingHandlerMapping - Looking up handler method for path /registration
15:05:09.573 [main] DEBUG org.springframework.web.servlet.mvc.method.annotation.RequestMappingHandlerMapping - Returning handler method [public java.lang.String pizzaOrder.client.controller.UserController.registration(pizzaOrder.restService.model.nonActivatedUsers.NonActivatedUser,org.springframework.validation.BindingResult,org.springframework.ui.Model) throws javax.mail.MessagingException]
15:05:09.573 [main] DEBUG org.springframework.beans.factory.support.DefaultListableBeanFactory - Returning cached instance of singleton bean 'userController'
15:05:09.573 [main] DEBUG org.springframework.orm.jpa.support.OpenEntityManagerInViewInterceptor - Opening JPA EntityManager in OpenEntityManagerInViewInterceptor
15:05:09.597 [main] DEBUG org.hibernate.validator.resourceloading.PlatformResourceBundleLocator - ValidationMessages not found.
15:05:09.599 [main] DEBUG org.hibernate.validator.resourceloading.PlatformResourceBundleLocator - ContributorValidationMessages not found.
15:05:09.601 [main] DEBUG org.hibernate.validator.resourceloading.PlatformResourceBundleLocator - org.hibernate.validator.ValidationMessages found.
15:05:09.609 [main] DEBUG org.hibernate.validator.resourceloading.PlatformResourceBundleLocator - ValidationMessages not found.
15:05:09.609 [main] DEBUG org.hibernate.validator.resourceloading.PlatformResourceBundleLocator - ContributorValidationMessages not found.
15:05:09.609 [main] DEBUG org.hibernate.validator.resourceloading.PlatformResourceBundleLocator - org.hibernate.validator.ValidationMessages found.
15:05:09.609 [main] DEBUG org.hibernate.validator.resourceloading.PlatformResourceBundleLocator - ValidationMessages not found.
15:05:09.610 [main] DEBUG org.hibernate.validator.resourceloading.PlatformResourceBundleLocator - ContributorValidationMessages not found.
15:05:09.610 [main] DEBUG org.hibernate.validator.resourceloading.PlatformResourceBundleLocator - org.hibernate.validator.ValidationMessages found.
15:05:09.610 [main] DEBUG org.hibernate.validator.resourceloading.PlatformResourceBundleLocator - ValidationMessages not found.
15:05:09.610 [main] DEBUG org.hibernate.validator.resourceloading.PlatformResourceBundleLocator - ContributorValidationMessages not found.
15:05:09.610 [main] DEBUG org.hibernate.validator.resourceloading.PlatformResourceBundleLocator - org.hibernate.validator.ValidationMessages found.
15:05:09.613 [main] DEBUG org.springframework.web.servlet.view.ContentNegotiatingViewResolver - Requested media types are [*/*] based on Accept header types and producible media types [*/*])
15:05:09.613 [main] DEBUG org.springframework.web.servlet.view.BeanNameViewResolver - No matching bean found for view name 'register'
15:05:09.613 [main] DEBUG org.springframework.web.servlet.view.ContentNegotiatingViewResolver - Returning [org.thymeleaf.spring4.view.ThymeleafView@187b33de] based on requested media type '*/*'
15:05:09.613 [main] DEBUG org.springframework.test.web.servlet.TestDispatcherServlet - Rendering view [org.thymeleaf.spring4.view.ThymeleafView@187b33de] in DispatcherServlet with name ''
15:05:09.613 [main] DEBUG org.springframework.beans.factory.support.DefaultListableBeanFactory - Returning cached instance of singleton bean 'requestDataValueProcessor'
15:05:09.613 [main] DEBUG org.thymeleaf.TemplateEngine - [THYMELEAF][main] STARTING PROCESS OF TEMPLATE "register" WITH LOCALE en
15:05:09.614 [main] DEBUG org.thymeleaf.TemplateEngine - [THYMELEAF][main] Starting process on template "register" using mode "HTML5"
15:05:09.617 [main] DEBUG org.thymeleaf.TemplateEngine - [THYMELEAF][main] Finished process on template "register" using mode "HTML5"
15:05:09.618 [main] DEBUG org.springframework.security.web.context.HttpSessionSecurityContextRepository - SecurityContext is empty or contents are anonymous - context will not be stored in HttpSession.
15:05:09.618 [main] DEBUG org.thymeleaf.TemplateEngine - [THYMELEAF][main] FINISHED PROCESS AND OUTPUT OF TEMPLATE "register" WITH LOCALE en
15:05:09.618 [main] DEBUG org.thymeleaf.TemplateEngine.TIMER - [THYMELEAF][main][register][en][4981289][5] TEMPLATE "register" WITH LOCALE en PROCESSED IN 4981289 nanoseconds (approx. 5ms)
15:05:09.618 [main] DEBUG org.springframework.orm.jpa.support.OpenEntityManagerInViewInterceptor - Closing JPA EntityManager in OpenEntityManagerInViewInterceptor
15:05:09.619 [main] DEBUG org.springframework.orm.jpa.EntityManagerFactoryUtils - Closing JPA EntityManager
15:05:09.619 [main] DEBUG org.springframework.test.web.servlet.TestDispatcherServlet - Successfully completed request
15:05:09.619 [main] DEBUG org.springframework.security.web.access.ExceptionTranslationFilter - Chain processed normally
15:05:09.619 [main] DEBUG org.springframework.security.web.context.SecurityContextPersistenceFilter - SecurityContextHolder now cleared, as request processing completed
15:05:09.621 [main] DEBUG org.springframework.test.context.cache.DefaultCacheAwareContextLoaderDelegate - Retrieved ApplicationContext from cache with key [[WebMergedContextConfiguration@62fee9c3 testClass = UserControllerTest, locations = '{}', classes = '{class pizzaOrder.Application}', contextInitializerClasses = '[]', activeProfiles = '{}', propertySourceLocations = '{}', propertySourceProperties = '{}', contextCustomizers = set[org.springframework.boot.test.context.filter.ExcludeFilterContextCustomizer@4a87761d, org.springframework.boot.test.mock.mockito.MockitoContextCustomizer@1bdc315c, org.springframework.boot.test.autoconfigure.properties.PropertyMappingContextCustomizer@0, org.springframework.boot.test.autoconfigure.web.servlet.WebDriverContextCustomizerFactory$Customizer@eb21112, org.springframework.test.context.web.socket.MockServerContainerContextCustomizer@706a04ae], resourceBasePath = 'src/main/webapp', contextLoader = 'org.springframework.test.context.web.WebDelegatingSmartContextLoader', parent = [null]]]
15:05:09.621 [main] DEBUG org.springframework.test.context.cache - Spring test ApplicationContext cache statistics: [DefaultContextCache@6109d880 size = 5, maxSize = 32, parentContextCount = 0, hitCount = 161, missCount = 5]
15:05:09.622 [main] DEBUG org.springframework.test.context.cache.DefaultCacheAwareContextLoaderDelegate - Retrieved ApplicationContext from cache with key [[WebMergedContextConfiguration@62fee9c3 testClass = UserControllerTest, locations = '{}', classes = '{class pizzaOrder.Application}', contextInitializerClasses = '[]', activeProfiles = '{}', propertySourceLocations = '{}', propertySourceProperties = '{}', contextCustomizers = set[org.springframework.boot.test.context.filter.ExcludeFilterContextCustomizer@4a87761d, org.springframework.boot.test.mock.mockito.MockitoContextCustomizer@1bdc315c, org.springframework.boot.test.autoconfigure.properties.PropertyMappingContextCustomizer@0, org.springframework.boot.test.autoconfigure.web.servlet.WebDriverContextCustomizerFactory$Customizer@eb21112, org.springframework.test.context.web.socket.MockServerContainerContextCustomizer@706a04ae], resourceBasePath = 'src/main/webapp', contextLoader = 'org.springframework.test.context.web.WebDelegatingSmartContextLoader', parent = [null]]]
15:05:09.622 [main] DEBUG org.springframework.test.context.cache - Spring test ApplicationContext cache statistics: [DefaultContextCache@6109d880 size = 5, maxSize = 32, parentContextCount = 0, hitCount = 162, missCount = 5]
15:05:09.623 [main] DEBUG org.springframework.test.context.cache.DefaultCacheAwareContextLoaderDelegate - Retrieved ApplicationContext from cache with key [[WebMergedContextConfiguration@62fee9c3 testClass = UserControllerTest, locations = '{}', classes = '{class pizzaOrder.Application}', contextInitializerClasses = '[]', activeProfiles = '{}', propertySourceLocations = '{}', propertySourceProperties = '{}', contextCustomizers = set[org.springframework.boot.test.context.filter.ExcludeFilterContextCustomizer@4a87761d, org.springframework.boot.test.mock.mockito.MockitoContextCustomizer@1bdc315c, org.springframework.boot.test.autoconfigure.properties.PropertyMappingContextCustomizer@0, org.springframework.boot.test.autoconfigure.web.servlet.WebDriverContextCustomizerFactory$Customizer@eb21112, org.springframework.test.context.web.socket.MockServerContainerContextCustomizer@706a04ae], resourceBasePath = 'src/main/webapp', contextLoader = 'org.springframework.test.context.web.WebDelegatingSmartContextLoader', parent = [null]]]
15:05:09.623 [main] DEBUG org.springframework.test.context.cache - Spring test ApplicationContext cache statistics: [DefaultContextCache@6109d880 size = 5, maxSize = 32, parentContextCount = 0, hitCount = 163, missCount = 5]
15:05:09.624 [main] DEBUG org.springframework.beans.factory.support.DefaultListableBeanFactory - Returning cached instance of singleton bean 'org.springframework.boot.test.mock.mockito.MockitoBeans'
15:05:09.624 [main] DEBUG org.springframework.test.context.cache.DefaultCacheAwareContextLoaderDelegate - Retrieved ApplicationContext from cache with key [[WebMergedContextConfiguration@62fee9c3 testClass = UserControllerTest, locations = '{}', classes = '{class pizzaOrder.Application}', contextInitializerClasses = '[]', activeProfiles = '{}', propertySourceLocations = '{}', propertySourceProperties = '{}', contextCustomizers = set[org.springframework.boot.test.context.filter.ExcludeFilterContextCustomizer@4a87761d, org.springframework.boot.test.mock.mockito.MockitoContextCustomizer@1bdc315c, org.springframework.boot.test.autoconfigure.properties.PropertyMappingContextCustomizer@0, org.springframework.boot.test.autoconfigure.web.servlet.WebDriverContextCustomizerFactory$Customizer@eb21112, org.springframework.test.context.web.socket.MockServerContainerContextCustomizer@706a04ae], resourceBasePath = 'src/main/webapp', contextLoader = 'org.springframework.test.context.web.WebDelegatingSmartContextLoader', parent = [null]]]
15:05:09.624 [main] DEBUG org.springframework.test.context.cache - Spring test ApplicationContext cache statistics: [DefaultContextCache@6109d880 size = 5, maxSize = 32, parentContextCount = 0, hitCount = 164, missCount = 5]
15:05:09.625 [main] DEBUG org.springframework.test.context.support.AbstractDirtiesContextTestExecutionListener - After test method: context [DefaultTestContext@13453610 testClass = UserControllerTest, testInstance = unit.client.controller.UserControllerTest@54d1c9ba, testMethod = post_new_user_with_validation_error@UserControllerTest, testException = java.lang.AssertionError: No errors for field: [phone] of attribute [nonActivatedUser], mergedContextConfiguration = [WebMergedContextConfiguration@62fee9c3 testClass = UserControllerTest, locations = '{}', classes = '{class pizzaOrder.Application}', contextInitializerClasses = '[]', activeProfiles = '{}', propertySourceLocations = '{}', propertySourceProperties = '{}', contextCustomizers = set[org.springframework.boot.test.context.filter.ExcludeFilterContextCustomizer@4a87761d, org.springframework.boot.test.mock.mockito.MockitoContextCustomizer@1bdc315c, org.springframework.boot.test.autoconfigure.properties.PropertyMappingContextCustomizer@0, org.springframework.boot.test.autoconfigure.web.servlet.WebDriverContextCustomizerFactory$Customizer@eb21112, org.springframework.test.context.web.socket.MockServerContainerContextCustomizer@706a04ae], resourceBasePath = 'src/main/webapp', contextLoader = 'org.springframework.test.context.web.WebDelegatingSmartContextLoader', parent = [null]]], class annotated with @DirtiesContext [false] with mode [null], method annotated with @DirtiesContext [false] with mode [null].
15:05:09.625 [main] DEBUG org.springframework.test.context.web.ServletTestExecutionListener - Resetting RequestContextHolder for test context [DefaultTestContext@13453610 testClass = UserControllerTest, testInstance = unit.client.controller.UserControllerTest@54d1c9ba, testMethod = post_new_user_with_validation_error@UserControllerTest, testException = java.lang.AssertionError: No errors for field: [phone] of attribute [nonActivatedUser], mergedContextConfiguration = [WebMergedContextConfiguration@62fee9c3 testClass = UserControllerTest, locations = '{}', classes = '{class pizzaOrder.Application}', contextInitializerClasses = '[]', activeProfiles = '{}', propertySourceLocations = '{}', propertySourceProperties = '{}', contextCustomizers = set[org.springframework.boot.test.context.filter.ExcludeFilterContextCustomizer@4a87761d, org.springframework.boot.test.mock.mockito.MockitoContextCustomizer@1bdc315c, org.springframework.boot.test.autoconfigure.properties.PropertyMappingContextCustomizer@0, org.springframework.boot.test.autoconfigure.web.servlet.WebDriverContextCustomizerFactory$Customizer@eb21112, org.springframework.test.context.web.socket.MockServerContainerContextCustomizer@706a04ae], resourceBasePath = 'src/main/webapp', contextLoader = 'org.springframework.test.context.web.WebDelegatingSmartContextLoader', parent = [null]]].
]]></system-out>
  </testcase>
  <testcase name="activate_user" classname="unit.client.controller.UserControllerTest" time="0.041"/>
</testsuite>