<?xml version="1.0" encoding="UTF-8"?>
<testsuite name="unit.client.service.UserServiceTest" time="0" tests="3" errors="1" skipped="0" failures="0">
  <properties>
[...]
</properties>
  <testcase name="check_if_service_changes_nonActivatedUser_id_after_posting_to_db" classname="unit.client.service.UserServiceTest" time="0">
    <error type="java.lang.NullPointerException:"><![CDATA[java.lang.NullPointerException: null
	at org.springframework.mail.javamail.MimeMessageHelper.createMimeMultiparts(MimeMessageHelper.java:344)
	at org.springframework.mail.javamail.MimeMessageHelper.<init>(MimeMessageHelper.java:290)
	at org.springframework.mail.javamail.MimeMessageHelper.<init>(MimeMessageHelper.java:247)
	at org.springframework.mail.javamail.MimeMessageHelper.<init>(MimeMessageHelper.java:226)
	at pizzaOrder.client.service.implementation.UserServiceImpl.sendActivatingMail(UserServiceImpl.java:63)
	at pizzaOrder.client.service.implementation.UserServiceImpl.addNonActivatedUser(UserServiceImpl.java:52)
	at unit.client.service.UserServiceTest.check_if_service_changes_nonActivatedUser_id_after_posting_to_db(UserServiceTest.java:91)
]]></error>
  </testcase>
  <testcase name="authenticate_user" classname="unit.client.service.UserServiceTest" time="0"/>
  <testcase name="get_actual_user_id" classname="unit.client.service.UserServiceTest" time="0"/>
</testsuite>