<?xml version="1.0" encoding="UTF-8"?>
<testsuite name="unit.client.validator.MenuValidatorTest" time="0" tests="7" errors="0" skipped="0" failures="0">
  <properties>
[...]
</properties>
  <testcase name="name_is_too_short" classname="unit.client.validator.MenuValidatorTest" time="0"/>
  <testcase name="name_is_too_long" classname="unit.client.validator.MenuValidatorTest" time="0"/>
  <testcase name="every_field_is_valid" classname="unit.client.validator.MenuValidatorTest" time="0"/>
  <testcase name="price_is_null" classname="unit.client.validator.MenuValidatorTest" time="0"/>
  <testcase name="price_is_negative" classname="unit.client.validator.MenuValidatorTest" time="0"/>
  <testcase name="name_is_empty" classname="unit.client.validator.MenuValidatorTest" time="0"/>
  <testcase name="ingredientList_ist_empty" classname="unit.client.validator.MenuValidatorTest" time="0"/>
</testsuite>