-------------------------------------------------------------------------------
Test set: unit.client.controller.HomeControllerTest
-------------------------------------------------------------------------------
Tests run: 3, Failures: 0, Errors: 1, Skipped: 0, Time elapsed: 28.687 sec <<< FAILURE! - in unit.client.controller.HomeControllerTest
showHomePageWithListOfRestaurantWithActivatedUser(unit.client.controller.HomeControllerTest)  Time elapsed: 0.706 sec  <<< ERROR!
java.lang.NoClassDefFoundError: org/springframework/security/test/web/servlet/request/SecurityMockMvcRequestPostProcessors
	at java.net.URLClassLoader.findClass(URLClassLoader.java:381)
	at java.lang.ClassLoader.loadClass(ClassLoader.java:424)
	at sun.misc.Launcher$AppClassLoader.loadClass(Launcher.java:331)
	at java.lang.ClassLoader.loadClass(ClassLoader.java:357)
	at unit.client.controller.HomeControllerTest.showHomePageWithListOfRestaurantWithActivatedUser(HomeControllerTest.java:123)

